[06-Dec-2018 21:42:31 UTC] PHP Fatal error:  Uncaught exception 'PDOException' with message 'SQLSTATE[42S02]: Base table or view not found: 1146 Table 'comics.users' doesn't exist' in /home/ubuntu/workspace/ws/projects/Final/login.php:15
Stack trace:
#0 /home/ubuntu/workspace/ws/projects/Final/login.php(15): PDOStatement->execute(Array)
#1 /home/ubuntu/workspace/ws/projects/Final/login.php(49): validate('Banana', 'cst336')
#2 {main}
  thrown in /home/ubuntu/workspace/ws/projects/Final/login.php on line 15
[07-Dec-2018 20:17:00 UTC] PHP Warning:  Unterminated comment starting line 30 in /home/ubuntu/workspace/ws/projects/Final/navigation.php on line 30
[07-Dec-2018 20:17:00 UTC] PHP Stack trace:
[07-Dec-2018 20:17:00 UTC] PHP   1. {main}() /home/ubuntu/workspace/ws/projects/Final/index.php:0
[07-Dec-2018 20:43:38 UTC] PHP Parse error:  syntax error, unexpected '?' in /home/ubuntu/workspace/ws/projects/Final/functions.php on line 195
[07-Dec-2018 20:43:38 UTC] PHP Stack trace:
[07-Dec-2018 20:43:38 UTC] PHP   1. {main}() /home/ubuntu/workspace/ws/projects/Final/index.php:0
[07-Dec-2018 20:43:42 UTC] PHP Parse error:  syntax error, unexpected '?' in /home/ubuntu/workspace/ws/projects/Final/functions.php on line 195
[07-Dec-2018 20:43:42 UTC] PHP Stack trace:
[07-Dec-2018 20:43:42 UTC] PHP   1. {main}() /home/ubuntu/workspace/ws/projects/Final/index.php:0
[07-Dec-2018 20:44:37 UTC] PHP Fatal error:  Uncaught exception 'PDOException' with message 'SQLSTATE[42S02]: Base table or view not found: 1146 Table 'comics.categories' doesn't exist' in /home/ubuntu/workspace/ws/projects/Final/functions.php:82
Stack trace:
#0 /home/ubuntu/workspace/ws/projects/Final/functions.php(82): PDOStatement->execute()
#1 /home/ubuntu/workspace/ws/projects/Final/functions.php(144): getCategoryID(NULL)
#2 /home/ubuntu/workspace/ws/projects/Final/index.php(6): createMeme('kjjk', 'lknlk', NULL)
#3 {main}
  thrown in /home/ubuntu/workspace/ws/projects/Final/functions.php on line 82
[08-Dec-2018 21:26:11 UTC] PHP Fatal error:  Cannot redeclare checkLoggedIn() (previously declared in /home/ubuntu/workspace/ws/projects/Final/join.php:5) in /home/ubuntu/workspace/ws/projects/Final/functions.php on line 9
[08-Dec-2018 21:26:11 UTC] PHP Stack trace:
[08-Dec-2018 21:26:11 UTC] PHP   1. {main}() /home/ubuntu/workspace/ws/projects/Final/join.php:0
[08-Dec-2018 21:27:26 UTC] PHP Fatal error:  Cannot redeclare getDatabaseConnection() (previously declared in /home/ubuntu/workspace/ws/projects/Final/database.php:4) in /home/ubuntu/workspace/ws/projects/Final/database.php on line 4
[08-Dec-2018 21:27:26 UTC] PHP Stack trace:
[08-Dec-2018 21:27:26 UTC] PHP   1. {main}() /home/ubuntu/workspace/ws/projects/Final/join.php:0
[08-Dec-2018 21:27:26 UTC] PHP   2. include() /home/ubuntu/workspace/ws/projects/Final/join.php:3
[08-Dec-2018 21:27:54 UTC] PHP Fatal error:  Cannot redeclare getDatabaseConnection() (previously declared in /home/ubuntu/workspace/ws/projects/Final/database.php:4) in /home/ubuntu/workspace/ws/projects/Final/database.php on line 4
[08-Dec-2018 21:27:54 UTC] PHP Stack trace:
[08-Dec-2018 21:27:54 UTC] PHP   1. {main}() /home/ubuntu/workspace/ws/projects/Final/join.php:0
[08-Dec-2018 21:27:54 UTC] PHP   2. include() /home/ubuntu/workspace/ws/projects/Final/join.php:3
[08-Dec-2018 21:33:44 UTC] PHP Parse error:  syntax error, unexpected '' (T_ENCAPSED_AND_WHITESPACE), expecting identifier (T_STRING) or variable (T_VARIABLE) or number (T_NUM_STRING) in /home/ubuntu/workspace/ws/projects/Final/index.php on line 27
[08-Dec-2018 22:00:23 UTC] PHP Parse error:  syntax error, unexpected '' (T_ENCAPSED_AND_WHITESPACE), expecting identifier (T_STRING) or variable (T_VARIABLE) or number (T_NUM_STRING) in /home/ubuntu/workspace/ws/projects/Final/index.php on line 27
[08-Dec-2018 22:22:06 UTC] PHP Warning:  Invalid argument supplied for foreach() in /home/ubuntu/workspace/ws/projects/Final/functions.php on line 52
[08-Dec-2018 22:22:06 UTC] PHP Stack trace:
[08-Dec-2018 22:22:06 UTC] PHP   1. {main}() /home/ubuntu/workspace/ws/projects/Final/comics.php:0
[08-Dec-2018 22:22:06 UTC] PHP   2. displayComics() /home/ubuntu/workspace/ws/projects/Final/comics.php:35
[08-Dec-2018 22:23:35 UTC] PHP Warning:  Invalid argument supplied for foreach() in /home/ubuntu/workspace/ws/projects/Final/functions.php on line 52
[08-Dec-2018 22:23:35 UTC] PHP Stack trace:
[08-Dec-2018 22:23:35 UTC] PHP   1. {main}() /home/ubuntu/workspace/ws/projects/Final/comics.php:0
[08-Dec-2018 22:23:35 UTC] PHP   2. displayComics() /home/ubuntu/workspace/ws/projects/Final/comics.php:35
[08-Dec-2018 22:23:50 UTC] PHP Warning:  Invalid argument supplied for foreach() in /home/ubuntu/workspace/ws/projects/Final/functions.php on line 52
[08-Dec-2018 22:23:50 UTC] PHP Stack trace:
[08-Dec-2018 22:23:50 UTC] PHP   1. {main}() /home/ubuntu/workspace/ws/projects/Final/comics.php:0
[08-Dec-2018 22:23:50 UTC] PHP   2. displayComics() /home/ubuntu/workspace/ws/projects/Final/comics.php:38
[08-Dec-2018 22:28:29 UTC] PHP Parse error:  syntax error, unexpected '' (T_ENCAPSED_AND_WHITESPACE), expecting identifier (T_STRING) or variable (T_VARIABLE) or number (T_NUM_STRING) in /home/ubuntu/workspace/ws/projects/Final/index.php on line 27
[08-Dec-2018 22:38:29 UTC] PHP Parse error:  syntax error, unexpected '' (T_ENCAPSED_AND_WHITESPACE), expecting identifier (T_STRING) or variable (T_VARIABLE) or number (T_NUM_STRING) in /home/ubuntu/workspace/ws/projects/Final/functions.php on line 247
[08-Dec-2018 22:38:29 UTC] PHP Stack trace:
[08-Dec-2018 22:38:29 UTC] PHP   1. {main}() /home/ubuntu/workspace/ws/projects/Final/comics.php:0
[08-Dec-2018 22:38:38 UTC] PHP Parse error:  syntax error, unexpected '' (T_ENCAPSED_AND_WHITESPACE), expecting identifier (T_STRING) or variable (T_VARIABLE) or number (T_NUM_STRING) in /home/ubuntu/workspace/ws/projects/Final/functions.php on line 247
[08-Dec-2018 22:38:38 UTC] PHP Stack trace:
[08-Dec-2018 22:38:38 UTC] PHP   1. {main}() /home/ubuntu/workspace/ws/projects/Final/index.php:0
[08-Dec-2018 22:40:14 UTC] PHP Parse error:  syntax error, unexpected '$sql' (T_VARIABLE), expecting ',' or ';' in /home/ubuntu/workspace/ws/projects/Final/functions.php on line 247
[08-Dec-2018 22:40:14 UTC] PHP Stack trace:
[08-Dec-2018 22:40:14 UTC] PHP   1. {main}() /home/ubuntu/workspace/ws/projects/Final/index.php:0
[08-Dec-2018 22:40:46 UTC] PHP Parse error:  syntax error, unexpected '$sql' (T_VARIABLE), expecting ',' or ';' in /home/ubuntu/workspace/ws/projects/Final/functions.php on line 247
[08-Dec-2018 22:40:46 UTC] PHP Stack trace:
[08-Dec-2018 22:40:46 UTC] PHP   1. {main}() /home/ubuntu/workspace/ws/projects/Final/profile.php:0
[08-Dec-2018 22:40:49 UTC] PHP Parse error:  syntax error, unexpected '$sql' (T_VARIABLE), expecting ',' or ';' in /home/ubuntu/workspace/ws/projects/Final/functions.php on line 247
[08-Dec-2018 22:40:49 UTC] PHP Stack trace:
[08-Dec-2018 22:40:49 UTC] PHP   1. {main}() /home/ubuntu/workspace/ws/projects/Final/index.php:0
[08-Dec-2018 22:42:35 UTC] PHP Parse error:  syntax error, unexpected '$sql' (T_VARIABLE), expecting ',' or ';' in /home/ubuntu/workspace/ws/projects/Final/functions.php on line 247
[08-Dec-2018 22:42:35 UTC] PHP Stack trace:
[08-Dec-2018 22:42:35 UTC] PHP   1. {main}() /home/ubuntu/workspace/ws/projects/Final/index.php:0
[08-Dec-2018 22:43:13 UTC] PHP Parse error:  syntax error, unexpected '$sql' (T_VARIABLE), expecting ',' or ';' in /home/ubuntu/workspace/ws/projects/Final/functions.php on line 247
[08-Dec-2018 22:43:13 UTC] PHP Stack trace:
[08-Dec-2018 22:43:13 UTC] PHP   1. {main}() /home/ubuntu/workspace/ws/projects/Final/join.php:0
[08-Dec-2018 22:48:26 UTC] PHP Parse error:  syntax error, unexpected '$imgURL' (T_VARIABLE), expecting ',' or ';' in /home/ubuntu/workspace/ws/projects/Final/functions.php on line 250
[08-Dec-2018 22:48:26 UTC] PHP Stack trace:
[08-Dec-2018 22:48:26 UTC] PHP   1. {main}() /home/ubuntu/workspace/ws/projects/Final/index.php:0
[08-Dec-2018 22:49:05 UTC] PHP Parse error:  syntax error, unexpected '$imgURL' (T_VARIABLE), expecting ',' or ';' in /home/ubuntu/workspace/ws/projects/Final/functions.php on line 250
[08-Dec-2018 22:49:05 UTC] PHP Stack trace:
[08-Dec-2018 22:49:05 UTC] PHP   1. {main}() /home/ubuntu/workspace/ws/projects/Final/join.php:0
[08-Dec-2018 22:49:15 UTC] PHP Parse error:  syntax error, unexpected '$imgURL' (T_VARIABLE), expecting ',' or ';' in /home/ubuntu/workspace/ws/projects/Final/functions.php on line 250
[08-Dec-2018 22:49:15 UTC] PHP Stack trace:
[08-Dec-2018 22:49:15 UTC] PHP   1. {main}() /home/ubuntu/workspace/ws/projects/Final/index.php:0
[08-Dec-2018 22:49:17 UTC] PHP Parse error:  syntax error, unexpected '$imgURL' (T_VARIABLE), expecting ',' or ';' in /home/ubuntu/workspace/ws/projects/Final/functions.php on line 250
[08-Dec-2018 22:49:17 UTC] PHP Stack trace:
[08-Dec-2018 22:49:17 UTC] PHP   1. {main}() /home/ubuntu/workspace/ws/projects/Final/join.php:0
[08-Dec-2018 22:49:42 UTC] PHP Parse error:  syntax error, unexpected '$imgURL' (T_VARIABLE), expecting ',' or ';' in /home/ubuntu/workspace/ws/projects/Final/functions.php on line 250
[08-Dec-2018 22:49:42 UTC] PHP Stack trace:
[08-Dec-2018 22:49:42 UTC] PHP   1. {main}() /home/ubuntu/workspace/ws/projects/Final/join.php:0
[08-Dec-2018 22:50:22 UTC] PHP Parse error:  syntax error, unexpected '$imgURL' (T_VARIABLE), expecting ',' or ';' in /home/ubuntu/workspace/ws/projects/Final/functions.php on line 250
[08-Dec-2018 22:50:22 UTC] PHP Stack trace:
[08-Dec-2018 22:50:22 UTC] PHP   1. {main}() /home/ubuntu/workspace/ws/projects/Final/join.php:0
[08-Dec-2018 22:50:33 UTC] PHP Parse error:  syntax error, unexpected '$imgURL' (T_VARIABLE), expecting ',' or ';' in /home/ubuntu/workspace/ws/projects/Final/functions.php on line 250
[08-Dec-2018 22:50:33 UTC] PHP Stack trace:
[08-Dec-2018 22:50:33 UTC] PHP   1. {main}() /home/ubuntu/workspace/ws/projects/Final/index.php:0
[08-Dec-2018 22:50:53 UTC] PHP Parse error:  syntax error, unexpected 'if' (T_IF), expecting ',' or ';' in /home/ubuntu/workspace/ws/projects/Final/functions.php on line 215
[08-Dec-2018 22:50:53 UTC] PHP Stack trace:
[08-Dec-2018 22:50:53 UTC] PHP   1. {main}() /home/ubuntu/workspace/ws/projects/Final/index.php:0
[08-Dec-2018 22:51:19 UTC] PHP Parse error:  syntax error, unexpected 'if' (T_IF), expecting ',' or ';' in /home/ubuntu/workspace/ws/projects/Final/functions.php on line 215
[08-Dec-2018 22:51:19 UTC] PHP Stack trace:
[08-Dec-2018 22:51:19 UTC] PHP   1. {main}() /home/ubuntu/workspace/ws/projects/Final/index.php:0
[08-Dec-2018 22:51:28 UTC] PHP Parse error:  syntax error, unexpected 'if' (T_IF), expecting ',' or ';' in /home/ubuntu/workspace/ws/projects/Final/functions.php on line 215
[08-Dec-2018 22:51:28 UTC] PHP Stack trace:
[08-Dec-2018 22:51:28 UTC] PHP   1. {main}() /home/ubuntu/workspace/ws/projects/Final/index.php:0
[08-Dec-2018 22:51:40 UTC] PHP Parse error:  syntax error, unexpected 'if' (T_IF), expecting ',' or ';' in /home/ubuntu/workspace/ws/projects/Final/functions.php on line 215
[08-Dec-2018 22:51:40 UTC] PHP Stack trace:
[08-Dec-2018 22:51:40 UTC] PHP   1. {main}() /home/ubuntu/workspace/ws/projects/Final/index.php:0
[08-Dec-2018 22:52:12 UTC] PHP Parse error:  syntax error, unexpected 'if' (T_IF), expecting ',' or ';' in /home/ubuntu/workspace/ws/projects/Final/functions.php on line 215
[08-Dec-2018 22:52:12 UTC] PHP Stack trace:
[08-Dec-2018 22:52:12 UTC] PHP   1. {main}() /home/ubuntu/workspace/ws/projects/Final/index.php:0
[08-Dec-2018 22:52:24 UTC] PHP Parse error:  syntax error, unexpected '}', expecting ',' or ';' in /home/ubuntu/workspace/ws/projects/Final/functions.php on line 228
[08-Dec-2018 22:52:24 UTC] PHP Stack trace:
[08-Dec-2018 22:52:24 UTC] PHP   1. {main}() /home/ubuntu/workspace/ws/projects/Final/index.php:0
[08-Dec-2018 22:58:15 UTC] PHP Fatal error:  Uncaught exception 'PDOException' with message 'SQLSTATE[42000]: Syntax error or access violation: 1065 Query was empty' in /home/ubuntu/workspace/ws/projects/Final/functions.php:226
Stack trace:
#0 /home/ubuntu/workspace/ws/projects/Final/functions.php(226): PDOStatement->execute()
#1 /home/ubuntu/workspace/ws/projects/Final/index.php(24): getImage()
#2 {main}
  thrown in /home/ubuntu/workspace/ws/projects/Final/functions.php on line 226
[08-Dec-2018 23:17:50 UTC] PHP Parse error:  syntax error, unexpected '}' in /home/ubuntu/workspace/ws/projects/Final/join.php on line 47
[08-Dec-2018 23:18:46 UTC] PHP Fatal error:  Uncaught exception 'PDOException' with message 'SQLSTATE[42000]: Syntax error or access violation: 1065 Query was empty' in /home/ubuntu/workspace/ws/projects/Final/join.php:42
Stack trace:
#0 /home/ubuntu/workspace/ws/projects/Final/join.php(42): PDOStatement->execute()
#1 {main}
  thrown in /home/ubuntu/workspace/ws/projects/Final/join.php on line 42
[08-Dec-2018 23:19:30 UTC] PHP Fatal error:  Uncaught exception 'PDOException' with message 'SQLSTATE[42000]: Syntax error or access violation: 1065 Query was empty' in /home/ubuntu/workspace/ws/projects/Final/join.php:42
Stack trace:
#0 /home/ubuntu/workspace/ws/projects/Final/join.php(42): PDOStatement->execute()
#1 {main}
  thrown in /home/ubuntu/workspace/ws/projects/Final/join.php on line 42
[08-Dec-2018 23:21:45 UTC] PHP Fatal error:  Uncaught exception 'PDOException' with message 'SQLSTATE[42000]: Syntax error or access violation: 1065 Query was empty' in /home/ubuntu/workspace/ws/projects/Final/join.php:43
Stack trace:
#0 /home/ubuntu/workspace/ws/projects/Final/join.php(43): PDOStatement->execute()
#1 {main}
  thrown in /home/ubuntu/workspace/ws/projects/Final/join.php on line 43
[08-Dec-2018 23:22:17 UTC] PHP Fatal error:  Uncaught exception 'PDOException' with message 'SQLSTATE[42000]: Syntax error or access violation: 1064 You have an error in your SQL syntax; check the manual that corresponds to your MySQL server version for the right syntax to use near ')' at line 1' in /home/ubuntu/workspace/ws/projects/Final/join.php:45
Stack trace:
#0 /home/ubuntu/workspace/ws/projects/Final/join.php(45): PDOStatement->execute()
#1 {main}
  thrown in /home/ubuntu/workspace/ws/projects/Final/join.php on line 45
[08-Dec-2018 23:22:34 UTC] PHP Fatal error:  Uncaught exception 'PDOException' with message 'SQLSTATE[42000]: Syntax error or access violation: 1064 You have an error in your SQL syntax; check the manual that corresponds to your MySQL server version for the right syntax to use near ')' at line 1' in /home/ubuntu/workspace/ws/projects/Final/join.php:45
Stack trace:
#0 /home/ubuntu/workspace/ws/projects/Final/join.php(45): PDOStatement->execute()
#1 {main}
  thrown in /home/ubuntu/workspace/ws/projects/Final/join.php on line 45
[08-Dec-2018 23:23:35 UTC] PHP Parse error:  syntax error, unexpected '}' in /home/ubuntu/workspace/ws/projects/Final/join.php on line 48
[08-Dec-2018 23:23:52 UTC] PHP Fatal error:  Uncaught exception 'PDOException' with message 'SQLSTATE[42000]: Syntax error or access violation: 1065 Query was empty' in /home/ubuntu/workspace/ws/projects/Final/join.php:44
Stack trace:
#0 /home/ubuntu/workspace/ws/projects/Final/join.php(44): PDOStatement->execute()
#1 {main}
  thrown in /home/ubuntu/workspace/ws/projects/Final/join.php on line 44
[08-Dec-2018 23:26:50 UTC] PHP Fatal error:  Uncaught exception 'PDOException' with message 'SQLSTATE[42000]: Syntax error or access violation: 1065 Query was empty' in /home/ubuntu/workspace/ws/projects/Final/join.php:38
Stack trace:
#0 /home/ubuntu/workspace/ws/projects/Final/join.php(38): PDOStatement->execute()
#1 {main}
  thrown in /home/ubuntu/workspace/ws/projects/Final/join.php on line 38
[08-Dec-2018 23:29:10 UTC] PHP Fatal error:  Uncaught exception 'PDOException' with message 'SQLSTATE[42000]: Syntax error or access violation: 1064 You have an error in your SQL syntax; check the manual that corresponds to your MySQL server version for the right syntax to use near ')' at line 1' in /home/ubuntu/workspace/ws/projects/Final/join.php:31
Stack trace:
#0 /home/ubuntu/workspace/ws/projects/Final/join.php(31): PDOStatement->execute()
#1 {main}
  thrown in /home/ubuntu/workspace/ws/projects/Final/join.php on line 31
[08-Dec-2018 23:31:39 UTC] PHP Fatal error:  Uncaught exception 'PDOException' with message 'SQLSTATE[42S22]: Column not found: 1054 Unknown column 'da39a3ee5e6b4b0d3255bfef95601890afd80709' in 'field list'' in /home/ubuntu/workspace/ws/projects/Final/join.php:30
Stack trace:
#0 /home/ubuntu/workspace/ws/projects/Final/join.php(30): PDOStatement->execute()
#1 {main}
  thrown in /home/ubuntu/workspace/ws/projects/Final/join.php on line 30
[08-Dec-2018 23:32:15 UTC] PHP Parse error:  syntax error, unexpected '<' in /home/ubuntu/workspace/ws/projects/Final/join.php on line 23
[08-Dec-2018 23:38:32 UTC] PHP Catchable fatal error:  Object of class PDOStatement could not be converted to string in /home/ubuntu/workspace/ws/projects/Final/join.php on line 33
[08-Dec-2018 23:38:32 UTC] PHP Stack trace:
[08-Dec-2018 23:38:32 UTC] PHP   1. {main}() /home/ubuntu/workspace/ws/projects/Final/join.php:0
[08-Dec-2018 23:39:00 UTC] PHP Catchable fatal error:  Object of class PDOStatement could not be converted to string in /home/ubuntu/workspace/ws/projects/Final/join.php on line 33
[08-Dec-2018 23:39:00 UTC] PHP Stack trace:
[08-Dec-2018 23:39:00 UTC] PHP   1. {main}() /home/ubuntu/workspace/ws/projects/Final/join.php:0
[08-Dec-2018 23:41:54 UTC] PHP Fatal error:  Uncaught exception 'PDOException' with message 'SQLSTATE[42S22]: Column not found: 1054 Unknown column 'da39a3ee5e6b4b0d3255bfef95601890afd80709' in 'field list'' in /home/ubuntu/workspace/ws/projects/Final/join.php:34
Stack trace:
#0 /home/ubuntu/workspace/ws/projects/Final/join.php(34): PDOStatement->execute()
#1 {main}
  thrown in /home/ubuntu/workspace/ws/projects/Final/join.php on line 34
[08-Dec-2018 23:42:25 UTC] PHP Fatal error:  Uncaught exception 'PDOException' with message 'SQLSTATE[42S22]: Column not found: 1054 Unknown column 'da39a3ee5e6b4b0d3255bfef95601890afd80709' in 'field list'' in /home/ubuntu/workspace/ws/projects/Final/join.php:35
Stack trace:
#0 /home/ubuntu/workspace/ws/projects/Final/join.php(35): PDOStatement->execute()
#1 {main}
  thrown in /home/ubuntu/workspace/ws/projects/Final/join.php on line 35
[08-Dec-2018 23:42:56 UTC] PHP Fatal error:  Uncaught exception 'PDOException' with message 'SQLSTATE[42S22]: Column not found: 1054 Unknown column 'da39a3ee5e6b4b0d3255bfef95601890afd80709' in 'field list'' in /home/ubuntu/workspace/ws/projects/Final/join.php:33
Stack trace:
#0 /home/ubuntu/workspace/ws/projects/Final/join.php(33): PDOStatement->execute()
#1 {main}
  thrown in /home/ubuntu/workspace/ws/projects/Final/join.php on line 33
[08-Dec-2018 23:47:18 UTC] PHP Parse error:  syntax error, unexpected '}', expecting ',' or ';' in /home/ubuntu/workspace/ws/projects/Final/join.php on line 31
[08-Dec-2018 23:47:28 UTC] PHP Parse error:  syntax error, unexpected '}', expecting ',' or ';' in /home/ubuntu/workspace/ws/projects/Final/join.php on line 31
[08-Dec-2018 23:47:36 UTC] PHP Fatal error:  Call to undefined method PDO::statment_init() in /home/ubuntu/workspace/ws/projects/Final/join.php on line 27
[08-Dec-2018 23:47:36 UTC] PHP Stack trace:
[08-Dec-2018 23:47:36 UTC] PHP   1. {main}() /home/ubuntu/workspace/ws/projects/Final/join.php:0
[08-Dec-2018 23:48:07 UTC] PHP Fatal error:  Uncaught exception 'PDOException' with message 'SQLSTATE[42S22]: Column not found: 1054 Unknown column 'da39a3ee5e6b4b0d3255bfef95601890afd80709' in 'field list'' in /home/ubuntu/workspace/ws/projects/Final/join.php:34
Stack trace:
#0 /home/ubuntu/workspace/ws/projects/Final/join.php(34): PDOStatement->execute()
#1 {main}
  thrown in /home/ubuntu/workspace/ws/projects/Final/join.php on line 34
[09-Dec-2018 00:50:52 UTC] PHP Warning:  Invalid argument supplied for foreach() in /home/ubuntu/workspace/ws/projects/Final/functions.php on line 52
[09-Dec-2018 00:50:52 UTC] PHP Stack trace:
[09-Dec-2018 00:50:52 UTC] PHP   1. {main}() /home/ubuntu/workspace/ws/projects/Final/comics.php:0
[09-Dec-2018 00:50:52 UTC] PHP   2. displayComics() /home/ubuntu/workspace/ws/projects/Final/comics.php:38
[09-Dec-2018 00:54:06 UTC] PHP Warning:  Invalid argument supplied for foreach() in /home/ubuntu/workspace/ws/projects/Final/functions.php on line 52
[09-Dec-2018 00:54:06 UTC] PHP Stack trace:
[09-Dec-2018 00:54:06 UTC] PHP   1. {main}() /home/ubuntu/workspace/ws/projects/Final/comics.php:0
[09-Dec-2018 00:54:06 UTC] PHP   2. displayComics() /home/ubuntu/workspace/ws/projects/Final/comics.php:35
[09-Dec-2018 00:54:11 UTC] PHP Warning:  Invalid argument supplied for foreach() in /home/ubuntu/workspace/ws/projects/Final/functions.php on line 52
[09-Dec-2018 00:54:11 UTC] PHP Stack trace:
[09-Dec-2018 00:54:11 UTC] PHP   1. {main}() /home/ubuntu/workspace/ws/projects/Final/comics.php:0
[09-Dec-2018 00:54:11 UTC] PHP   2. displayComics() /home/ubuntu/workspace/ws/projects/Final/comics.php:35
[09-Dec-2018 00:57:15 UTC] PHP Warning:  Invalid argument supplied for foreach() in /home/ubuntu/workspace/ws/projects/Final/functions.php on line 52
[09-Dec-2018 00:57:15 UTC] PHP Stack trace:
[09-Dec-2018 00:57:15 UTC] PHP   1. {main}() /home/ubuntu/workspace/ws/projects/Final/comics.php:0
[09-Dec-2018 00:57:15 UTC] PHP   2. displayComics() /home/ubuntu/workspace/ws/projects/Final/comics.php:35
[09-Dec-2018 00:57:17 UTC] PHP Warning:  Invalid argument supplied for foreach() in /home/ubuntu/workspace/ws/projects/Final/functions.php on line 52
[09-Dec-2018 00:57:17 UTC] PHP Stack trace:
[09-Dec-2018 00:57:17 UTC] PHP   1. {main}() /home/ubuntu/workspace/ws/projects/Final/comics.php:0
[09-Dec-2018 00:57:17 UTC] PHP   2. displayComics() /home/ubuntu/workspace/ws/projects/Final/comics.php:35
[09-Dec-2018 00:57:24 UTC] PHP Warning:  Invalid argument supplied for foreach() in /home/ubuntu/workspace/ws/projects/Final/functions.php on line 52
[09-Dec-2018 00:57:24 UTC] PHP Stack trace:
[09-Dec-2018 00:57:24 UTC] PHP   1. {main}() /home/ubuntu/workspace/ws/projects/Final/comics.php:0
[09-Dec-2018 00:57:24 UTC] PHP   2. displayComics() /home/ubuntu/workspace/ws/projects/Final/comics.php:35
[09-Dec-2018 00:58:35 UTC] PHP Warning:  Invalid argument supplied for foreach() in /home/ubuntu/workspace/ws/projects/Final/functions.php on line 52
[09-Dec-2018 00:58:35 UTC] PHP Stack trace:
[09-Dec-2018 00:58:35 UTC] PHP   1. {main}() /home/ubuntu/workspace/ws/projects/Final/comics.php:0
[09-Dec-2018 00:58:35 UTC] PHP   2. displayComics() /home/ubuntu/workspace/ws/projects/Final/comics.php:35
[09-Dec-2018 01:11:32 UTC] PHP Warning:  Invalid argument supplied for foreach() in /home/ubuntu/workspace/ws/projects/Final/functions.php on line 52
[09-Dec-2018 01:11:32 UTC] PHP Stack trace:
[09-Dec-2018 01:11:32 UTC] PHP   1. {main}() /home/ubuntu/workspace/ws/projects/Final/comics.php:0
[09-Dec-2018 01:11:32 UTC] PHP   2. displayComics() /home/ubuntu/workspace/ws/projects/Final/comics.php:35
[09-Dec-2018 01:11:36 UTC] PHP Warning:  Invalid argument supplied for foreach() in /home/ubuntu/workspace/ws/projects/Final/functions.php on line 52
[09-Dec-2018 01:11:36 UTC] PHP Stack trace:
[09-Dec-2018 01:11:36 UTC] PHP   1. {main}() /home/ubuntu/workspace/ws/projects/Final/comics.php:0
[09-Dec-2018 01:11:36 UTC] PHP   2. displayComics() /home/ubuntu/workspace/ws/projects/Final/comics.php:35
[09-Dec-2018 08:04:41 UTC] PHP Warning:  mysqli_prepare() expects parameter 1 to be mysqli, null given in /home/ubuntu/workspace/ws/projects/Final/join.php on line 36
[09-Dec-2018 08:04:41 UTC] PHP Stack trace:
[09-Dec-2018 08:04:41 UTC] PHP   1. {main}() /home/ubuntu/workspace/ws/projects/Final/join.php:0
[09-Dec-2018 08:04:41 UTC] PHP   2. mysqli_prepare() /home/ubuntu/workspace/ws/projects/Final/join.php:36
[09-Dec-2018 08:04:41 UTC] PHP Warning:  mysqli_stmt_bind_param() expects parameter 1 to be mysqli_stmt, null given in /home/ubuntu/workspace/ws/projects/Final/join.php on line 37
[09-Dec-2018 08:04:41 UTC] PHP Stack trace:
[09-Dec-2018 08:04:41 UTC] PHP   1. {main}() /home/ubuntu/workspace/ws/projects/Final/join.php:0
[09-Dec-2018 08:04:41 UTC] PHP   2. mysqli_stmt_bind_param() /home/ubuntu/workspace/ws/projects/Final/join.php:37
[09-Dec-2018 08:04:41 UTC] PHP Warning:  mysqli_stmt_execute() expects parameter 1 to be mysqli_stmt, string given in /home/ubuntu/workspace/ws/projects/Final/join.php on line 38
[09-Dec-2018 08:04:41 UTC] PHP Stack trace:
[09-Dec-2018 08:04:41 UTC] PHP   1. {main}() /home/ubuntu/workspace/ws/projects/Final/join.php:0
[09-Dec-2018 08:04:41 UTC] PHP   2. mysqli_stmt_execute() /home/ubuntu/workspace/ws/projects/Final/join.php:38
[09-Dec-2018 08:04:41 UTC] PHP Fatal error:  Call to undefined function json_enchode() in /home/ubuntu/workspace/ws/projects/Final/join.php on line 43
[09-Dec-2018 08:04:41 UTC] PHP Stack trace:
[09-Dec-2018 08:04:41 UTC] PHP   1. {main}() /home/ubuntu/workspace/ws/projects/Final/join.php:0
[09-Dec-2018 08:22:29 UTC] PHP Warning:  Invalid argument supplied for foreach() in /home/ubuntu/workspace/ws/projects/Final/functions.php on line 52
[09-Dec-2018 08:22:29 UTC] PHP Stack trace:
[09-Dec-2018 08:22:29 UTC] PHP   1. {main}() /home/ubuntu/workspace/ws/projects/Final/comics.php:0
[09-Dec-2018 08:22:29 UTC] PHP   2. displayComics() /home/ubuntu/workspace/ws/projects/Final/comics.php:35
[10-Dec-2018 18:12:22 UTC] PHP Warning:  Invalid argument supplied for foreach() in /home/ubuntu/workspace/ws/projects/Final/functions.php on line 52
[10-Dec-2018 18:12:22 UTC] PHP Stack trace:
[10-Dec-2018 18:12:22 UTC] PHP   1. {main}() /home/ubuntu/workspace/ws/projects/Final/comics.php:0
[10-Dec-2018 18:12:22 UTC] PHP   2. displayComics() /home/ubuntu/workspace/ws/projects/Final/comics.php:35
[10-Dec-2018 18:59:11 UTC] PHP Parse error:  syntax error, unexpected '->' (T_OBJECT_OPERATOR), expecting ')' in /home/ubuntu/workspace/ws/projects/Final/imageSelect.php on line 8
[10-Dec-2018 19:14:14 UTC] PHP Warning:  Missing argument 1 for getImage(), called in /home/ubuntu/workspace/ws/projects/Final/index.php on line 40 and defined in /home/ubuntu/workspace/ws/projects/Final/functions.php on line 214
[10-Dec-2018 19:14:14 UTC] PHP Stack trace:
[10-Dec-2018 19:14:14 UTC] PHP   1. {main}() /home/ubuntu/workspace/ws/projects/Final/index.php:0
[10-Dec-2018 19:14:14 UTC] PHP   2. getImage() /home/ubuntu/workspace/ws/projects/Final/index.php:40
[10-Dec-2018 19:30:30 UTC] PHP Warning:  Missing argument 1 for getImage(), called in /home/ubuntu/workspace/ws/projects/Final/index.php on line 40 and defined in /home/ubuntu/workspace/ws/projects/Final/functions.php on line 214
[10-Dec-2018 19:30:30 UTC] PHP Stack trace:
[10-Dec-2018 19:30:30 UTC] PHP   1. {main}() /home/ubuntu/workspace/ws/projects/Final/index.php:0
[10-Dec-2018 19:30:30 UTC] PHP   2. getImage() /home/ubuntu/workspace/ws/projects/Final/index.php:40
[10-Dec-2018 19:30:32 UTC] PHP Warning:  Missing argument 1 for getImage(), called in /home/ubuntu/workspace/ws/projects/Final/index.php on line 40 and defined in /home/ubuntu/workspace/ws/projects/Final/functions.php on line 214
[10-Dec-2018 19:30:32 UTC] PHP Stack trace:
[10-Dec-2018 19:30:32 UTC] PHP   1. {main}() /home/ubuntu/workspace/ws/projects/Final/index.php:0
[10-Dec-2018 19:30:32 UTC] PHP   2. getImage() /home/ubuntu/workspace/ws/projects/Final/index.php:40
[10-Dec-2018 19:30:43 UTC] PHP Warning:  Missing argument 1 for getImage(), called in /home/ubuntu/workspace/ws/projects/Final/index.php on line 40 and defined in /home/ubuntu/workspace/ws/projects/Final/functions.php on line 214
[10-Dec-2018 19:30:43 UTC] PHP Stack trace:
[10-Dec-2018 19:30:43 UTC] PHP   1. {main}() /home/ubuntu/workspace/ws/projects/Final/index.php:0
[10-Dec-2018 19:30:43 UTC] PHP   2. getImage() /home/ubuntu/workspace/ws/projects/Final/index.php:40
[10-Dec-2018 19:31:56 UTC] PHP Warning:  Missing argument 1 for getImage(), called in /home/ubuntu/workspace/ws/projects/Final/index.php on line 40 and defined in /home/ubuntu/workspace/ws/projects/Final/functions.php on line 214
[10-Dec-2018 19:31:56 UTC] PHP Stack trace:
[10-Dec-2018 19:31:56 UTC] PHP   1. {main}() /home/ubuntu/workspace/ws/projects/Final/index.php:0
[10-Dec-2018 19:31:56 UTC] PHP   2. getImage() /home/ubuntu/workspace/ws/projects/Final/index.php:40
[10-Dec-2018 20:21:23 UTC] PHP Warning:  Missing argument 1 for getImage(), called in /home/ubuntu/workspace/ws/projects/Final/index.php on line 40 and defined in /home/ubuntu/workspace/ws/projects/Final/functions.php on line 214
[10-Dec-2018 20:21:23 UTC] PHP Stack trace:
[10-Dec-2018 20:21:23 UTC] PHP   1. {main}() /home/ubuntu/workspace/ws/projects/Final/index.php:0
[10-Dec-2018 20:21:23 UTC] PHP   2. getImage() /home/ubuntu/workspace/ws/projects/Final/index.php:40
[10-Dec-2018 20:21:38 UTC] PHP Warning:  Missing argument 1 for getImage(), called in /home/ubuntu/workspace/ws/projects/Final/index.php on line 40 and defined in /home/ubuntu/workspace/ws/projects/Final/functions.php on line 214
[10-Dec-2018 20:21:38 UTC] PHP Stack trace:
[10-Dec-2018 20:21:38 UTC] PHP   1. {main}() /home/ubuntu/workspace/ws/projects/Final/index.php:0
[10-Dec-2018 20:21:38 UTC] PHP   2. getImage() /home/ubuntu/workspace/ws/projects/Final/index.php:40
[10-Dec-2018 21:12:30 UTC] PHP Warning:  Missing argument 1 for getImage(), called in /home/ubuntu/workspace/ws/projects/Final/index.php on line 40 and defined in /home/ubuntu/workspace/ws/projects/Final/functions.php on line 214
[10-Dec-2018 21:12:30 UTC] PHP Stack trace:
[10-Dec-2018 21:12:30 UTC] PHP   1. {main}() /home/ubuntu/workspace/ws/projects/Final/index.php:0
[10-Dec-2018 21:12:30 UTC] PHP   2. getImage() /home/ubuntu/workspace/ws/projects/Final/index.php:40
[11-Dec-2018 05:50:25 UTC] PHP Parse error:  syntax error, unexpected 'else' (T_ELSE) in /home/ubuntu/workspace/ws/projects/Final/functions.php on line 220
[11-Dec-2018 05:50:25 UTC] PHP Stack trace:
[11-Dec-2018 05:50:25 UTC] PHP   1. {main}() /home/ubuntu/workspace/ws/projects/Final/index.php:0
[11-Dec-2018 05:50:41 UTC] PHP Warning:  Missing argument 1 for getImage(), called in /home/ubuntu/workspace/ws/projects/Final/index.php on line 40 and defined in /home/ubuntu/workspace/ws/projects/Final/functions.php on line 214
[11-Dec-2018 05:50:41 UTC] PHP Stack trace:
[11-Dec-2018 05:50:41 UTC] PHP   1. {main}() /home/ubuntu/workspace/ws/projects/Final/index.php:0
[11-Dec-2018 05:50:41 UTC] PHP   2. getImage() /home/ubuntu/workspace/ws/projects/Final/index.php:40
[11-Dec-2018 05:51:20 UTC] PHP Warning:  Missing argument 1 for getImage(), called in /home/ubuntu/workspace/ws/projects/Final/index.php on line 40 and defined in /home/ubuntu/workspace/ws/projects/Final/functions.php on line 214
[11-Dec-2018 05:51:20 UTC] PHP Stack trace:
[11-Dec-2018 05:51:20 UTC] PHP   1. {main}() /home/ubuntu/workspace/ws/projects/Final/index.php:0
[11-Dec-2018 05:51:20 UTC] PHP   2. getImage() /home/ubuntu/workspace/ws/projects/Final/index.php:40
[11-Dec-2018 05:51:54 UTC] PHP Warning:  Missing argument 1 for getImage(), called in /home/ubuntu/workspace/ws/projects/Final/index.php on line 40 and defined in /home/ubuntu/workspace/ws/projects/Final/functions.php on line 214
[11-Dec-2018 05:51:55 UTC] PHP Stack trace:
[11-Dec-2018 05:51:55 UTC] PHP   1. {main}() /home/ubuntu/workspace/ws/projects/Final/index.php:0
[11-Dec-2018 05:51:55 UTC] PHP   2. getImage() /home/ubuntu/workspace/ws/projects/Final/index.php:40
