[03-Oct-2018 19:34:36 UTC] PHP Fatal error:  Function name must be a string in /home/ubuntu/workspace/ws/practice/misc/challege2.php on line 16
[03-Oct-2018 19:34:36 UTC] PHP Stack trace:
[03-Oct-2018 19:34:36 UTC] PHP   1. {main}() /home/ubuntu/workspace/ws/practice/misc/challege2.php:0
[03-Oct-2018 19:39:00 UTC] PHP Parse error:  syntax error, unexpected 'if' (T_IF) in /home/ubuntu/workspace/ws/practice/misc/challege2.php on line 18
[29-Oct-2018 19:29:18 UTC] PHP Fatal error:  Uncaught exception 'PDOException' with message 'SQLSTATE[HY000] [1049] Unknown database 'p1_quotes'' in /home/ubuntu/workspace/ws/practice/p7/database.php:12
Stack trace:
#0 /home/ubuntu/workspace/ws/practice/p7/database.php(12): PDO->__construct('mysql:host=loca...', 'LewisTruong', 'cst336')
#1 /home/ubuntu/workspace/ws/practice/p7/index.php(3): getDatabaseConnection()
#2 {main}
  thrown in /home/ubuntu/workspace/ws/practice/p7/database.php on line 12
[29-Oct-2018 19:30:34 UTC] PHP Fatal error:  Uncaught exception 'PDOException' with message 'SQLSTATE[HY000] [1049] Unknown database 'p1_quotes'' in /home/ubuntu/workspace/ws/practice/p7/database.php:12
Stack trace:
#0 /home/ubuntu/workspace/ws/practice/p7/database.php(12): PDO->__construct('mysql:host=loca...', 'LewisTruong', 'cst336')
#1 /home/ubuntu/workspace/ws/practice/p7/index.php(25): getDatabaseConnection()
#2 {main}
  thrown in /home/ubuntu/workspace/ws/practice/p7/database.php on line 12
[29-Oct-2018 19:32:37 UTC] PHP Fatal error:  Uncaught exception 'PDOException' with message 'SQLSTATE[HY000] [1049] Unknown database 'p1_quotes'' in /home/ubuntu/workspace/ws/practice/p7/database.php:12
Stack trace:
#0 /home/ubuntu/workspace/ws/practice/p7/database.php(12): PDO->__construct('mysql:host=loca...', 'LewisTruong', 'cst336')
#1 /home/ubuntu/workspace/ws/practice/p7/index.php(25): getDatabaseConnection()
#2 {main}
  thrown in /home/ubuntu/workspace/ws/practice/p7/database.php on line 12
[29-Oct-2018 19:33:35 UTC] PHP Fatal error:  Uncaught exception 'PDOException' with message 'SQLSTATE[HY000] [1049] Unknown database 'p1_quotes'' in /home/ubuntu/workspace/ws/practice/p7/database.php:12
Stack trace:
#0 /home/ubuntu/workspace/ws/practice/p7/database.php(12): PDO->__construct('mysql:host=loca...', 'LewisTruong', 'cst336')
#1 /home/ubuntu/workspace/ws/practice/p7/index.php(25): getDatabaseConnection()
#2 {main}
  thrown in /home/ubuntu/workspace/ws/practice/p7/database.php on line 12
[29-Oct-2018 19:33:39 UTC] PHP Fatal error:  Uncaught exception 'PDOException' with message 'SQLSTATE[HY000] [1049] Unknown database 'p1_quotes'' in /home/ubuntu/workspace/ws/practice/p7/database.php:12
Stack trace:
#0 /home/ubuntu/workspace/ws/practice/p7/database.php(12): PDO->__construct('mysql:host=loca...', 'LewisTruong', 'cst336')
#1 /home/ubuntu/workspace/ws/practice/p7/index.php(25): getDatabaseConnection()
#2 {main}
  thrown in /home/ubuntu/workspace/ws/practice/p7/database.php on line 12
[29-Oct-2018 19:34:18 UTC] PHP Fatal error:  Uncaught exception 'PDOException' with message 'SQLSTATE[HY000] [1049] Unknown database 'p1_quotes'' in /home/ubuntu/workspace/ws/practice/p7/database.php:12
Stack trace:
#0 /home/ubuntu/workspace/ws/practice/p7/database.php(12): PDO->__construct('mysql:host=loca...', 'LewisTruong', 'cst336')
#1 /home/ubuntu/workspace/ws/practice/p7/index.php(25): getDatabaseConnection()
#2 {main}
  thrown in /home/ubuntu/workspace/ws/practice/p7/database.php on line 12
[29-Oct-2018 19:36:04 UTC] PHP Fatal error:  Uncaught exception 'PDOException' with message 'SQLSTATE[HY000] [1049] Unknown database 'p1_quotes'' in /home/ubuntu/workspace/ws/practice/p7/database.php:12
Stack trace:
#0 /home/ubuntu/workspace/ws/practice/p7/database.php(12): PDO->__construct('mysql:host=loca...', 'LewisTruong', 'cst336')
#1 /home/ubuntu/workspace/ws/practice/p7/index.php(25): getDatabaseConnection()
#2 {main}
  thrown in /home/ubuntu/workspace/ws/practice/p7/database.php on line 12
[29-Oct-2018 19:36:09 UTC] PHP Fatal error:  Uncaught exception 'PDOException' with message 'SQLSTATE[HY000] [1049] Unknown database 'p1_quotes'' in /home/ubuntu/workspace/ws/practice/p7/database.php:12
Stack trace:
#0 /home/ubuntu/workspace/ws/practice/p7/database.php(12): PDO->__construct('mysql:host=loca...', 'LewisTruong', 'cst336')
#1 /home/ubuntu/workspace/ws/practice/p7/index.php(25): getDatabaseConnection()
#2 {main}
  thrown in /home/ubuntu/workspace/ws/practice/p7/database.php on line 12
[29-Oct-2018 19:36:47 UTC] PHP Fatal error:  Uncaught exception 'PDOException' with message 'SQLSTATE[HY000] [1049] Unknown database 'p1_quotes'' in /home/ubuntu/workspace/ws/practice/p7/database.php:12
Stack trace:
#0 /home/ubuntu/workspace/ws/practice/p7/database.php(12): PDO->__construct('mysql:host=loca...', 'LewisTruong', 'cst336')
#1 /home/ubuntu/workspace/ws/practice/p7/index.php(25): getDatabaseConnection()
#2 {main}
  thrown in /home/ubuntu/workspace/ws/practice/p7/database.php on line 12
[29-Oct-2018 19:36:49 UTC] PHP Fatal error:  Uncaught exception 'PDOException' with message 'SQLSTATE[HY000] [1049] Unknown database 'p1_quotes'' in /home/ubuntu/workspace/ws/practice/p7/database.php:12
Stack trace:
#0 /home/ubuntu/workspace/ws/practice/p7/database.php(12): PDO->__construct('mysql:host=loca...', 'LewisTruong', 'cst336')
#1 /home/ubuntu/workspace/ws/practice/p7/index.php(25): getDatabaseConnection()
#2 {main}
  thrown in /home/ubuntu/workspace/ws/practice/p7/database.php on line 12
[29-Oct-2018 19:37:27 UTC] PHP Fatal error:  Uncaught exception 'PDOException' with message 'SQLSTATE[HY000] [1049] Unknown database 'p1_quotes'' in /home/ubuntu/workspace/ws/practice/p7/database.php:12
Stack trace:
#0 /home/ubuntu/workspace/ws/practice/p7/database.php(12): PDO->__construct('mysql:host=loca...', 'LewisTruong', 'cst336')
#1 /home/ubuntu/workspace/ws/practice/p7/index.php(25): getDatabaseConnection()
#2 {main}
  thrown in /home/ubuntu/workspace/ws/practice/p7/database.php on line 12
[29-Oct-2018 19:39:16 UTC] PHP Fatal error:  Uncaught exception 'PDOException' with message 'SQLSTATE[HY000] [1049] Unknown database 'p1_quotes'' in /home/ubuntu/workspace/ws/practice/p7/database.php:12
Stack trace:
#0 /home/ubuntu/workspace/ws/practice/p7/database.php(12): PDO->__construct('mysql:host=loca...', 'LewisTruong', 'cst336')
#1 /home/ubuntu/workspace/ws/practice/p7/index.php(4): getDatabaseConnection()
#2 {main}
  thrown in /home/ubuntu/workspace/ws/practice/p7/database.php on line 12
[29-Oct-2018 19:41:41 UTC] PHP Fatal error:  Uncaught exception 'PDOException' with message 'SQLSTATE[HY000] [1049] Unknown database 'p1_quotes'' in /home/ubuntu/workspace/ws/practice/p7/database.php:12
Stack trace:
#0 /home/ubuntu/workspace/ws/practice/p7/database.php(12): PDO->__construct('mysql:host=loca...', 'LewisTruong', 'cst336')
#1 /home/ubuntu/workspace/ws/practice/p7/index.php(4): getDatabaseConnection()
#2 {main}
  thrown in /home/ubuntu/workspace/ws/practice/p7/database.php on line 12
[29-Oct-2018 19:42:41 UTC] PHP Fatal error:  Uncaught exception 'PDOException' with message 'SQLSTATE[HY000] [1049] Unknown database 'p1_quotes'' in /home/ubuntu/workspace/ws/practice/p7/database.php:12
Stack trace:
#0 /home/ubuntu/workspace/ws/practice/p7/database.php(12): PDO->__construct('mysql:host=loca...', 'LewisTruong', 'cst336')
#1 /home/ubuntu/workspace/ws/practice/p7/index.php(4): getDatabaseConnection()
#2 {main}
  thrown in /home/ubuntu/workspace/ws/practice/p7/database.php on line 12
[29-Oct-2018 19:43:48 UTC] PHP Fatal error:  Uncaught exception 'PDOException' with message 'SQLSTATE[HY000] [1049] Unknown database 'p1_quotes'' in /home/ubuntu/workspace/ws/practice/p7/database.php:12
Stack trace:
#0 /home/ubuntu/workspace/ws/practice/p7/database.php(12): PDO->__construct('mysql:host=loca...', 'LewisTruong', 'cst336')
#1 /home/ubuntu/workspace/ws/practice/p7/index.php(4): getDatabaseConnection()
#2 {main}
  thrown in /home/ubuntu/workspace/ws/practice/p7/database.php on line 12
[29-Oct-2018 19:47:38 UTC] PHP Fatal error:  Uncaught exception 'PDOException' with message 'SQLSTATE[HY000] [1049] Unknown database 'p1_quotes'' in /home/ubuntu/workspace/ws/practice/p7/database.php:12
Stack trace:
#0 /home/ubuntu/workspace/ws/practice/p7/database.php(12): PDO->__construct('mysql:host=loca...', 'LewisTruong', 'cst336')
#1 /home/ubuntu/workspace/ws/practice/p7/index.php(4): getDatabaseConnection()
#2 {main}
  thrown in /home/ubuntu/workspace/ws/practice/p7/database.php on line 12
[29-Oct-2018 19:48:18 UTC] PHP Fatal error:  Uncaught exception 'PDOException' with message 'SQLSTATE[HY000] [1049] Unknown database 'p1_quotes'' in /home/ubuntu/workspace/ws/practice/p7/database.php:12
Stack trace:
#0 /home/ubuntu/workspace/ws/practice/p7/database.php(12): PDO->__construct('mysql:host=loca...', 'LewisTruong', 'cst336')
#1 /home/ubuntu/workspace/ws/practice/p7/index.php(4): getDatabaseConnection()
#2 {main}
  thrown in /home/ubuntu/workspace/ws/practice/p7/database.php on line 12
[29-Oct-2018 19:48:32 UTC] PHP Fatal error:  Uncaught exception 'PDOException' with message 'SQLSTATE[HY000] [1049] Unknown database 'p1_quotes'' in /home/ubuntu/workspace/ws/practice/p7/database.php:12
Stack trace:
#0 /home/ubuntu/workspace/ws/practice/p7/database.php(12): PDO->__construct('mysql:host=loca...', 'LewisTruong', 'cst336')
#1 /home/ubuntu/workspace/ws/practice/p7/index.php(4): getDatabaseConnection()
#2 {main}
  thrown in /home/ubuntu/workspace/ws/practice/p7/database.php on line 12
[29-Oct-2018 19:48:46 UTC] PHP Parse error:  syntax error, unexpected '}' in /home/ubuntu/workspace/ws/practice/p7/index.php on line 19
[29-Oct-2018 19:49:01 UTC] PHP Fatal error:  Call to undefined function displayOptions() in /home/ubuntu/workspace/ws/practice/p7/index.php on line 42
[29-Oct-2018 19:49:01 UTC] PHP Stack trace:
[29-Oct-2018 19:49:01 UTC] PHP   1. {main}() /home/ubuntu/workspace/ws/practice/p7/index.php:0
[29-Oct-2018 19:52:10 UTC] PHP Fatal error:  Call to undefined function displayOptions() in /home/ubuntu/workspace/ws/practice/p7/index.php on line 42
[29-Oct-2018 19:52:10 UTC] PHP Stack trace:
[29-Oct-2018 19:52:10 UTC] PHP   1. {main}() /home/ubuntu/workspace/ws/practice/p7/index.php:0
[29-Oct-2018 19:55:42 UTC] PHP Parse error:  syntax error, unexpected '' . $record["category"] . '' (T_CONSTANT_ENCAPSED_STRING), expecting ',' or ';' in /home/ubuntu/workspace/ws/practice/p7/index.php on line 17
[29-Oct-2018 19:56:07 UTC] PHP Fatal error:  Call to a member function prepare() on a non-object in /home/ubuntu/workspace/ws/practice/p7/index.php on line 12
[29-Oct-2018 19:56:07 UTC] PHP Stack trace:
[29-Oct-2018 19:56:07 UTC] PHP   1. {main}() /home/ubuntu/workspace/ws/practice/p7/index.php:0
[29-Oct-2018 19:56:07 UTC] PHP   2. displayOptions() /home/ubuntu/workspace/ws/practice/p7/index.php:42
[29-Oct-2018 20:00:11 UTC] PHP Fatal error:  Call to a member function prepare() on a non-object in /home/ubuntu/workspace/ws/practice/p7/index.php on line 12
[29-Oct-2018 20:00:11 UTC] PHP Stack trace:
[29-Oct-2018 20:00:11 UTC] PHP   1. {main}() /home/ubuntu/workspace/ws/practice/p7/index.php:0
[29-Oct-2018 20:00:11 UTC] PHP   2. displayOptions() /home/ubuntu/workspace/ws/practice/p7/index.php:44
[29-Oct-2018 20:00:39 UTC] PHP Fatal error:  Call to a member function prepare() on a non-object in /home/ubuntu/workspace/ws/practice/p7/index.php on line 12
[29-Oct-2018 20:00:39 UTC] PHP Stack trace:
[29-Oct-2018 20:00:39 UTC] PHP   1. {main}() /home/ubuntu/workspace/ws/practice/p7/index.php:0
[29-Oct-2018 20:00:39 UTC] PHP   2. displayOptions() /home/ubuntu/workspace/ws/practice/p7/index.php:44
[29-Oct-2018 20:02:28 UTC] PHP Fatal error:  Call to a member function prepare() on a non-object in /home/ubuntu/workspace/ws/practice/p7/index.php on line 12
[29-Oct-2018 20:02:28 UTC] PHP Stack trace:
[29-Oct-2018 20:02:28 UTC] PHP   1. {main}() /home/ubuntu/workspace/ws/practice/p7/index.php:0
[29-Oct-2018 20:02:28 UTC] PHP   2. displayOptions() /home/ubuntu/workspace/ws/practice/p7/index.php:41
[29-Oct-2018 20:03:25 UTC] PHP Fatal error:  Call to a member function prepare() on a non-object in /home/ubuntu/workspace/ws/practice/p7/index.php on line 12
[29-Oct-2018 20:03:25 UTC] PHP Stack trace:
[29-Oct-2018 20:03:25 UTC] PHP   1. {main}() /home/ubuntu/workspace/ws/practice/p7/index.php:0
[29-Oct-2018 20:03:25 UTC] PHP   2. displayOptions() /home/ubuntu/workspace/ws/practice/p7/index.php:41
[29-Oct-2018 20:03:31 UTC] PHP Fatal error:  Call to a member function prepare() on a non-object in /home/ubuntu/workspace/ws/practice/p7/index.php on line 12
[29-Oct-2018 20:03:31 UTC] PHP Stack trace:
[29-Oct-2018 20:03:31 UTC] PHP   1. {main}() /home/ubuntu/workspace/ws/practice/p7/index.php:0
[29-Oct-2018 20:03:31 UTC] PHP   2. displayOptions() /home/ubuntu/workspace/ws/practice/p7/index.php:41
[29-Oct-2018 20:04:21 UTC] PHP Fatal error:  Uncaught exception 'PDOException' with message 'SQLSTATE[HY000] [1049] Unknown database 'p1_quotes'' in /home/ubuntu/workspace/ws/practice/p7/database.php:12
Stack trace:
#0 /home/ubuntu/workspace/ws/practice/p7/database.php(12): PDO->__construct('mysql:host=loca...', 'LewisTruong', 'cst336')
#1 /home/ubuntu/workspace/ws/practice/p7/index.php(4): getDatabaseConnection()
#2 {main}
  thrown in /home/ubuntu/workspace/ws/practice/p7/database.php on line 12
[29-Oct-2018 20:05:51 UTC] PHP Fatal error:  Call to a member function prepare() on a non-object in /home/ubuntu/workspace/ws/practice/p7/index.php on line 12
[29-Oct-2018 20:05:51 UTC] PHP Stack trace:
[29-Oct-2018 20:05:51 UTC] PHP   1. {main}() /home/ubuntu/workspace/ws/practice/p7/index.php:0
[29-Oct-2018 20:05:51 UTC] PHP   2. displayOptions() /home/ubuntu/workspace/ws/practice/p7/index.php:41
[29-Oct-2018 20:06:44 UTC] PHP Fatal error:  Call to a member function prepare() on a non-object in /home/ubuntu/workspace/ws/practice/p7/index.php on line 12
[29-Oct-2018 20:06:44 UTC] PHP Stack trace:
[29-Oct-2018 20:06:44 UTC] PHP   1. {main}() /home/ubuntu/workspace/ws/practice/p7/index.php:0
[29-Oct-2018 20:06:44 UTC] PHP   2. displayOptions() /home/ubuntu/workspace/ws/practice/p7/index.php:41
[29-Oct-2018 20:06:48 UTC] PHP Fatal error:  Call to a member function prepare() on a non-object in /home/ubuntu/workspace/ws/practice/p7/index.php on line 12
[29-Oct-2018 20:06:48 UTC] PHP Stack trace:
[29-Oct-2018 20:06:48 UTC] PHP   1. {main}() /home/ubuntu/workspace/ws/practice/p7/index.php:0
[29-Oct-2018 20:06:48 UTC] PHP   2. displayOptions() /home/ubuntu/workspace/ws/practice/p7/index.php:41
[29-Oct-2018 20:07:37 UTC] PHP Fatal error:  Call to a member function prepare() on a non-object in /home/ubuntu/workspace/ws/practice/p7/index.php on line 13
[29-Oct-2018 20:07:37 UTC] PHP Stack trace:
[29-Oct-2018 20:07:37 UTC] PHP   1. {main}() /home/ubuntu/workspace/ws/practice/p7/index.php:0
[29-Oct-2018 20:07:37 UTC] PHP   2. displayOptions() /home/ubuntu/workspace/ws/practice/p7/index.php:42
[29-Oct-2018 20:08:20 UTC] PHP Fatal error:  Call to a member function prepare() on a non-object in /home/ubuntu/workspace/ws/practice/p7/index.php on line 13
[29-Oct-2018 20:08:20 UTC] PHP Stack trace:
[29-Oct-2018 20:08:20 UTC] PHP   1. {main}() /home/ubuntu/workspace/ws/practice/p7/index.php:0
[29-Oct-2018 20:08:20 UTC] PHP   2. displayOptions() /home/ubuntu/workspace/ws/practice/p7/index.php:42
[29-Oct-2018 20:21:15 UTC] PHP Fatal error:  Uncaught exception 'PDOException' with message 'SQLSTATE[42000]: Syntax error or access violation: 1064 You have an error in your SQL syntax; check the manual that corresponds to your MySQL server version for the right syntax to use near 'AND (quote LIKE '%%' OR category LIKE '%%'' at line 1' in /home/ubuntu/workspace/ws/practice/p7/index.php:25
Stack trace:
#0 /home/ubuntu/workspace/ws/practice/p7/index.php(25): PDOStatement->execute()
#1 /home/ubuntu/workspace/ws/practice/p7/index.php(68): getQuote()
#2 {main}
  thrown in /home/ubuntu/workspace/ws/practice/p7/index.php on line 25
[29-Oct-2018 20:22:23 UTC] PHP Fatal error:  Uncaught exception 'PDOException' with message 'SQLSTATE[42000]: Syntax error or access violation: 1064 You have an error in your SQL syntax; check the manual that corresponds to your MySQL server version for the right syntax to use near 'AND (quote LIKE '%%' OR category LIKE '%%'' at line 1' in /home/ubuntu/workspace/ws/practice/p7/index.php:25
Stack trace:
#0 /home/ubuntu/workspace/ws/practice/p7/index.php(25): PDOStatement->execute()
#1 /home/ubuntu/workspace/ws/practice/p7/index.php(68): getQuote()
#2 {main}
  thrown in /home/ubuntu/workspace/ws/practice/p7/index.php on line 25
[29-Oct-2018 20:24:30 UTC] PHP Fatal error:  Uncaught exception 'PDOException' with message 'SQLSTATE[42000]: Syntax error or access violation: 1064 You have an error in your SQL syntax; check the manual that corresponds to your MySQL server version for the right syntax to use near '' at line 1' in /home/ubuntu/workspace/ws/practice/p7/index.php:25
Stack trace:
#0 /home/ubuntu/workspace/ws/practice/p7/index.php(25): PDOStatement->execute()
#1 /home/ubuntu/workspace/ws/practice/p7/index.php(68): getQuote()
#2 {main}
  thrown in /home/ubuntu/workspace/ws/practice/p7/index.php on line 25
[29-Oct-2018 20:29:10 UTC] PHP Fatal error:  Uncaught exception 'PDOException' with message 'SQLSTATE[42000]: Syntax error or access violation: 1064 You have an error in your SQL syntax; check the manual that corresponds to your MySQL server version for the right syntax to use near '' at line 1' in /home/ubuntu/workspace/ws/practice/p7/index.php:26
Stack trace:
#0 /home/ubuntu/workspace/ws/practice/p7/index.php(26): PDOStatement->execute()
#1 /home/ubuntu/workspace/ws/practice/p7/index.php(70): getQuote()
#2 {main}
  thrown in /home/ubuntu/workspace/ws/practice/p7/index.php on line 26
[29-Oct-2018 20:34:20 UTC] PHP Fatal error:  Uncaught exception 'PDOException' with message 'SQLSTATE[42000]: Syntax error or access violation: 1064 You have an error in your SQL syntax; check the manual that corresponds to your MySQL server version for the right syntax to use near '' at line 1' in /home/ubuntu/workspace/ws/practice/p7/index.php:34
Stack trace:
#0 /home/ubuntu/workspace/ws/practice/p7/index.php(34): PDOStatement->execute()
#1 /home/ubuntu/workspace/ws/practice/p7/index.php(78): getQuote()
#2 {main}
  thrown in /home/ubuntu/workspace/ws/practice/p7/index.php on line 34
[29-Oct-2018 20:37:35 UTC] PHP Fatal error:  Uncaught exception 'PDOException' with message 'SQLSTATE[42000]: Syntax error or access violation: 1064 You have an error in your SQL syntax; check the manual that corresponds to your MySQL server version for the right syntax to use near '' at line 1' in /home/ubuntu/workspace/ws/practice/p7/index.php:35
Stack trace:
#0 /home/ubuntu/workspace/ws/practice/p7/index.php(35): PDOStatement->execute()
#1 /home/ubuntu/workspace/ws/practice/p7/index.php(79): getQuote()
#2 {main}
  thrown in /home/ubuntu/workspace/ws/practice/p7/index.php on line 35
