[19-Dec-2018 01:40:34 UTC] PHP Fatal error:  Uncaught exception 'PDOException' with message 'SQLSTATE[HY000] [1049] Unknown database 'practice_exam'' in /home/ubuntu/workspace/ws/practice/final/practice/index.php:28
Stack trace:
#0 /home/ubuntu/workspace/ws/practice/final/practice/index.php(28): PDO->__construct('mysql:host=0.0....', 'letruong', '')
#1 {main}
  thrown in /home/ubuntu/workspace/ws/practice/final/practice/index.php on line 28
[19-Dec-2018 01:41:26 UTC] PHP Fatal error:  Uncaught exception 'PDOException' with message 'SQLSTATE[HY000] [1049] Unknown database 'practice_exam'' in /home/ubuntu/workspace/ws/practice/final/practice/index.php:75
Stack trace:
#0 /home/ubuntu/workspace/ws/practice/final/practice/index.php(75): PDO->__construct('mysql:host=0.0....', 'letruong', '')
#1 {main}
  thrown in /home/ubuntu/workspace/ws/practice/final/practice/index.php on line 75
[19-Dec-2018 01:41:38 UTC] PHP Fatal error:  Uncaught exception 'PDOException' with message 'SQLSTATE[HY000] [1049] Unknown database 'practice_exam'' in /home/ubuntu/workspace/ws/practice/final/practice/index.php:28
Stack trace:
#0 /home/ubuntu/workspace/ws/practice/final/practice/index.php(28): PDO->__construct('mysql:host=0.0....', 'letruong', '')
#1 {main}
  thrown in /home/ubuntu/workspace/ws/practice/final/practice/index.php on line 28
[19-Dec-2018 01:41:53 UTC] PHP Fatal error:  Uncaught exception 'PDOException' with message 'SQLSTATE[HY000] [1049] Unknown database 'practice_exam'' in /home/ubuntu/workspace/ws/practice/final/practice/index.php:28
Stack trace:
#0 /home/ubuntu/workspace/ws/practice/final/practice/index.php(28): PDO->__construct('mysql:host=0.0....', 'letruong', '')
#1 {main}
  thrown in /home/ubuntu/workspace/ws/practice/final/practice/index.php on line 28
[19-Dec-2018 20:43:30 UTC] PHP Fatal error:  Uncaught exception 'PDOException' with message 'SQLSTATE[HY000] [1049] Unknown database 'practice_exam'' in /home/ubuntu/workspace/ws/practice/final/practice/index.php:28
Stack trace:
#0 /home/ubuntu/workspace/ws/practice/final/practice/index.php(28): PDO->__construct('mysql:host=0.0....', 'letruong', '')
#1 {main}
  thrown in /home/ubuntu/workspace/ws/practice/final/practice/index.php on line 28
[19-Dec-2018 20:44:15 UTC] PHP Fatal error:  Uncaught exception 'PDOException' with message 'SQLSTATE[HY000] [1049] Unknown database 'practice_exam'' in /home/ubuntu/workspace/ws/practice/final/practice/index.php:75
Stack trace:
#0 /home/ubuntu/workspace/ws/practice/final/practice/index.php(75): PDO->__construct('mysql:host=0.0....', 'letruong', '')
#1 {main}
  thrown in /home/ubuntu/workspace/ws/practice/final/practice/index.php on line 75
[19-Dec-2018 21:45:48 UTC] PHP Fatal error:  Uncaught exception 'PDOException' with message 'SQLSTATE[HY093]: Invalid parameter number: number of bound variables does not match number of tokens' in /home/ubuntu/workspace/ws/practice/final/practice/index.php:94
Stack trace:
#0 /home/ubuntu/workspace/ws/practice/final/practice/index.php(94): PDOStatement->execute(Array)
#1 {main}
  thrown in /home/ubuntu/workspace/ws/practice/final/practice/index.php on line 94
[19-Dec-2018 22:16:12 UTC] PHP Fatal error:  Uncaught exception 'PDOException' with message 'SQLSTATE[HY093]: Invalid parameter number: number of bound variables does not match number of tokens' in /home/ubuntu/workspace/ws/practice/final/practice/index.php:94
Stack trace:
#0 /home/ubuntu/workspace/ws/practice/final/practice/index.php(94): PDOStatement->execute(Array)
#1 {main}
  thrown in /home/ubuntu/workspace/ws/practice/final/practice/index.php on line 94
[19-Dec-2018 22:23:52 UTC] PHP Fatal error:  Uncaught exception 'PDOException' with message 'SQLSTATE[HY093]: Invalid parameter number: number of bound variables does not match number of tokens' in /home/ubuntu/workspace/ws/practice/final/practice/index.php:94
Stack trace:
#0 /home/ubuntu/workspace/ws/practice/final/practice/index.php(94): PDOStatement->execute(Array)
#1 {main}
  thrown in /home/ubuntu/workspace/ws/practice/final/practice/index.php on line 94
[19-Dec-2018 22:52:27 UTC] PHP Fatal error:  Uncaught exception 'PDOException' with message 'SQLSTATE[HY093]: Invalid parameter number: number of bound variables does not match number of tokens' in /home/ubuntu/workspace/ws/practice/final/practice/index.php:94
Stack trace:
#0 /home/ubuntu/workspace/ws/practice/final/practice/index.php(94): PDOStatement->execute(Array)
#1 {main}
  thrown in /home/ubuntu/workspace/ws/practice/final/practice/index.php on line 94
[20-Dec-2018 00:31:02 UTC] PHP Fatal error:  Uncaught exception 'PDOException' with message 'SQLSTATE[HY093]: Invalid parameter number: number of bound variables does not match number of tokens' in /home/ubuntu/workspace/ws/practice/final/practice/index.php:94
Stack trace:
#0 /home/ubuntu/workspace/ws/practice/final/practice/index.php(94): PDOStatement->execute(Array)
#1 {main}
  thrown in /home/ubuntu/workspace/ws/practice/final/practice/index.php on line 94
