[19-Dec-2018 22:59:47 UTC] PHP Fatal error:  Uncaught exception 'PDOException' with message 'SQLSTATE[HY000] [1049] Unknown database 'final'' in /home/ubuntu/workspace/ws/exams/final/index.php:28
Stack trace:
#0 /home/ubuntu/workspace/ws/exams/final/index.php(28): PDO->__construct('mysql:host=0.0....', 'letruong', '')
#1 {main}
  thrown in /home/ubuntu/workspace/ws/exams/final/index.php on line 28
[19-Dec-2018 23:00:09 UTC] PHP Fatal error:  Uncaught exception 'PDOException' with message 'SQLSTATE[HY000] [1049] Unknown database 'final'' in /home/ubuntu/workspace/ws/exams/final/index.php:75
Stack trace:
#0 /home/ubuntu/workspace/ws/exams/final/index.php(75): PDO->__construct('mysql:host=0.0....', 'letruong', '')
#1 {main}
  thrown in /home/ubuntu/workspace/ws/exams/final/index.php on line 75
[19-Dec-2018 23:05:14 UTC] PHP Fatal error:  Uncaught exception 'PDOException' with message 'SQLSTATE[HY093]: Invalid parameter number: parameter was not defined' in /home/ubuntu/workspace/ws/exams/final/index.php:94
Stack trace:
#0 /home/ubuntu/workspace/ws/exams/final/index.php(94): PDOStatement->execute(Array)
#1 {main}
  thrown in /home/ubuntu/workspace/ws/exams/final/index.php on line 94
[19-Dec-2018 23:16:39 UTC] PHP Fatal error:  Uncaught exception 'PDOException' with message 'SQLSTATE[42S02]: Base table or view not found: 1146 Table 'final.type' doesn't exist' in /home/ubuntu/workspace/ws/exams/final/index.php:44
Stack trace:
#0 /home/ubuntu/workspace/ws/exams/final/index.php(44): PDOStatement->execute(NULL)
#1 {main}
  thrown in /home/ubuntu/workspace/ws/exams/final/index.php on line 44
[19-Dec-2018 23:17:03 UTC] PHP Fatal error:  Uncaught exception 'PDOException' with message 'SQLSTATE[HY093]: Invalid parameter number: parameter was not defined' in /home/ubuntu/workspace/ws/exams/final/index.php:94
Stack trace:
#0 /home/ubuntu/workspace/ws/exams/final/index.php(94): PDOStatement->execute(Array)
#1 {main}
  thrown in /home/ubuntu/workspace/ws/exams/final/index.php on line 94
[19-Dec-2018 23:21:49 UTC] PHP Fatal error:  Uncaught exception 'PDOException' with message 'SQLSTATE[42000]: Syntax error or access violation: 1064 You have an error in your SQL syntax; check the manual that corresponds to your MySQL server version for the right syntax to use near 'WHERE status_id <> 0' at line 4' in /home/ubuntu/workspace/ws/exams/final/index.php:43
Stack trace:
#0 /home/ubuntu/workspace/ws/exams/final/index.php(43): PDOStatement->execute(NULL)
#1 {main}
  thrown in /home/ubuntu/workspace/ws/exams/final/index.php on line 43
[19-Dec-2018 23:28:38 UTC] PHP Fatal error:  Uncaught exception 'PDOException' with message 'SQLSTATE[42000]: Syntax error or access violation: 1064 You have an error in your SQL syntax; check the manual that corresponds to your MySQL server version for the right syntax to use near 'WHERE status_id <> 0' at line 4' in /home/ubuntu/workspace/ws/exams/final/index.php:43
Stack trace:
#0 /home/ubuntu/workspace/ws/exams/final/index.php(43): PDOStatement->execute(NULL)
#1 {main}
  thrown in /home/ubuntu/workspace/ws/exams/final/index.php on line 43
[19-Dec-2018 23:28:59 UTC] PHP Fatal error:  Uncaught exception 'PDOException' with message 'SQLSTATE[HY093]: Invalid parameter number: number of bound variables does not match number of tokens' in /home/ubuntu/workspace/ws/exams/final/index.php:94
Stack trace:
#0 /home/ubuntu/workspace/ws/exams/final/index.php(94): PDOStatement->execute(Array)
#1 {main}
  thrown in /home/ubuntu/workspace/ws/exams/final/index.php on line 94
[19-Dec-2018 23:29:26 UTC] PHP Fatal error:  Uncaught exception 'PDOException' with message 'SQLSTATE[42000]: Syntax error or access violation: 1064 You have an error in your SQL syntax; check the manual that corresponds to your MySQL server version for the right syntax to use near 'WHERE status_id <> 0' at line 4' in /home/ubuntu/workspace/ws/exams/final/index.php:43
Stack trace:
#0 /home/ubuntu/workspace/ws/exams/final/index.php(43): PDOStatement->execute(NULL)
#1 {main}
  thrown in /home/ubuntu/workspace/ws/exams/final/index.php on line 43
[19-Dec-2018 23:29:30 UTC] PHP Fatal error:  Uncaught exception 'PDOException' with message 'SQLSTATE[42000]: Syntax error or access violation: 1064 You have an error in your SQL syntax; check the manual that corresponds to your MySQL server version for the right syntax to use near 'WHERE status_id <> 0' at line 4' in /home/ubuntu/workspace/ws/exams/final/index.php:43
Stack trace:
#0 /home/ubuntu/workspace/ws/exams/final/index.php(43): PDOStatement->execute(NULL)
#1 {main}
  thrown in /home/ubuntu/workspace/ws/exams/final/index.php on line 43
[19-Dec-2018 23:29:48 UTC] PHP Fatal error:  Uncaught exception 'PDOException' with message 'SQLSTATE[HY093]: Invalid parameter number: number of bound variables does not match number of tokens' in /home/ubuntu/workspace/ws/exams/final/index.php:94
Stack trace:
#0 /home/ubuntu/workspace/ws/exams/final/index.php(94): PDOStatement->execute(Array)
#1 {main}
  thrown in /home/ubuntu/workspace/ws/exams/final/index.php on line 94
[19-Dec-2018 23:32:35 UTC] PHP Fatal error:  Uncaught exception 'PDOException' with message 'SQLSTATE[42000]: Syntax error or access violation: 1064 You have an error in your SQL syntax; check the manual that corresponds to your MySQL server version for the right syntax to use near 'WHERE status_id <> 0' at line 4' in /home/ubuntu/workspace/ws/exams/final/index.php:43
Stack trace:
#0 /home/ubuntu/workspace/ws/exams/final/index.php(43): PDOStatement->execute(NULL)
#1 {main}
  thrown in /home/ubuntu/workspace/ws/exams/final/index.php on line 43
[19-Dec-2018 23:32:45 UTC] PHP Fatal error:  Uncaught exception 'PDOException' with message 'SQLSTATE[HY093]: Invalid parameter number: number of bound variables does not match number of tokens' in /home/ubuntu/workspace/ws/exams/final/index.php:94
Stack trace:
#0 /home/ubuntu/workspace/ws/exams/final/index.php(94): PDOStatement->execute(Array)
#1 {main}
  thrown in /home/ubuntu/workspace/ws/exams/final/index.php on line 94
[19-Dec-2018 23:35:25 UTC] PHP Fatal error:  Uncaught exception 'PDOException' with message 'SQLSTATE[42000]: Syntax error or access violation: 1064 You have an error in your SQL syntax; check the manual that corresponds to your MySQL server version for the right syntax to use near 'WHERE status_id <> 0' at line 4' in /home/ubuntu/workspace/ws/exams/final/index.php:43
Stack trace:
#0 /home/ubuntu/workspace/ws/exams/final/index.php(43): PDOStatement->execute(NULL)
#1 {main}
  thrown in /home/ubuntu/workspace/ws/exams/final/index.php on line 43
[19-Dec-2018 23:35:38 UTC] PHP Fatal error:  Uncaught exception 'PDOException' with message 'SQLSTATE[HY093]: Invalid parameter number: number of bound variables does not match number of tokens' in /home/ubuntu/workspace/ws/exams/final/index.php:94
Stack trace:
#0 /home/ubuntu/workspace/ws/exams/final/index.php(94): PDOStatement->execute(Array)
#1 {main}
  thrown in /home/ubuntu/workspace/ws/exams/final/index.php on line 94
[19-Dec-2018 23:40:13 UTC] PHP Fatal error:  Uncaught exception 'PDOException' with message 'SQLSTATE[42000]: Syntax error or access violation: 1064 You have an error in your SQL syntax; check the manual that corresponds to your MySQL server version for the right syntax to use near 'WHERE status_id <> 0' at line 4' in /home/ubuntu/workspace/ws/exams/final/index.php:43
Stack trace:
#0 /home/ubuntu/workspace/ws/exams/final/index.php(43): PDOStatement->execute(NULL)
#1 {main}
  thrown in /home/ubuntu/workspace/ws/exams/final/index.php on line 43
[19-Dec-2018 23:41:48 UTC] PHP Fatal error:  Uncaught exception 'PDOException' with message 'SQLSTATE[42000]: Syntax error or access violation: 1064 You have an error in your SQL syntax; check the manual that corresponds to your MySQL server version for the right syntax to use near 'WHERE status_id <> 0' at line 4' in /home/ubuntu/workspace/ws/exams/final/index.php:43
Stack trace:
#0 /home/ubuntu/workspace/ws/exams/final/index.php(43): PDOStatement->execute(NULL)
#1 {main}
  thrown in /home/ubuntu/workspace/ws/exams/final/index.php on line 43
[19-Dec-2018 23:43:26 UTC] PHP Fatal error:  Uncaught exception 'PDOException' with message 'SQLSTATE[42000]: Syntax error or access violation: 1064 You have an error in your SQL syntax; check the manual that corresponds to your MySQL server version for the right syntax to use near 'WHERE status_id <> 0' at line 4' in /home/ubuntu/workspace/ws/exams/final/index.php:43
Stack trace:
#0 /home/ubuntu/workspace/ws/exams/final/index.php(43): PDOStatement->execute(NULL)
#1 {main}
  thrown in /home/ubuntu/workspace/ws/exams/final/index.php on line 43
[19-Dec-2018 23:46:26 UTC] PHP Fatal error:  Uncaught exception 'PDOException' with message 'SQLSTATE[42000]: Syntax error or access violation: 1064 You have an error in your SQL syntax; check the manual that corresponds to your MySQL server version for the right syntax to use near 'WHERE status_id <> 0' at line 4' in /home/ubuntu/workspace/ws/exams/final/index.php:43
Stack trace:
#0 /home/ubuntu/workspace/ws/exams/final/index.php(43): PDOStatement->execute(NULL)
#1 {main}
  thrown in /home/ubuntu/workspace/ws/exams/final/index.php on line 43
[19-Dec-2018 23:52:34 UTC] PHP Fatal error:  Uncaught exception 'PDOException' with message 'SQLSTATE[42000]: Syntax error or access violation: 1064 You have an error in your SQL syntax; check the manual that corresponds to your MySQL server version for the right syntax to use near 'WHERE status_id <> 0' at line 4' in /home/ubuntu/workspace/ws/exams/final/index.php:43
Stack trace:
#0 /home/ubuntu/workspace/ws/exams/final/index.php(43): PDOStatement->execute(NULL)
#1 {main}
  thrown in /home/ubuntu/workspace/ws/exams/final/index.php on line 43
[19-Dec-2018 23:53:12 UTC] PHP Fatal error:  Uncaught exception 'PDOException' with message 'SQLSTATE[42000]: Syntax error or access violation: 1064 You have an error in your SQL syntax; check the manual that corresponds to your MySQL server version for the right syntax to use near 'WHERE status_id <> 0' at line 4' in /home/ubuntu/workspace/ws/exams/final/index.php:43
Stack trace:
#0 /home/ubuntu/workspace/ws/exams/final/index.php(43): PDOStatement->execute(NULL)
#1 {main}
  thrown in /home/ubuntu/workspace/ws/exams/final/index.php on line 43
[19-Dec-2018 23:53:39 UTC] PHP Fatal error:  Uncaught exception 'PDOException' with message 'SQLSTATE[42000]: Syntax error or access violation: 1064 You have an error in your SQL syntax; check the manual that corresponds to your MySQL server version for the right syntax to use near 'WHERE status_id <> 0' at line 4' in /home/ubuntu/workspace/ws/exams/final/index.php:43
Stack trace:
#0 /home/ubuntu/workspace/ws/exams/final/index.php(43): PDOStatement->execute(NULL)
#1 {main}
  thrown in /home/ubuntu/workspace/ws/exams/final/index.php on line 43
[19-Dec-2018 23:55:49 UTC] PHP Fatal error:  Uncaught exception 'PDOException' with message 'SQLSTATE[42000]: Syntax error or access violation: 1064 You have an error in your SQL syntax; check the manual that corresponds to your MySQL server version for the right syntax to use near 'WHERE status_id <> 0' at line 4' in /home/ubuntu/workspace/ws/exams/final/index.php:43
Stack trace:
#0 /home/ubuntu/workspace/ws/exams/final/index.php(43): PDOStatement->execute(NULL)
#1 {main}
  thrown in /home/ubuntu/workspace/ws/exams/final/index.php on line 43
[19-Dec-2018 23:56:45 UTC] PHP Fatal error:  Uncaught exception 'PDOException' with message 'SQLSTATE[42000]: Syntax error or access violation: 1064 You have an error in your SQL syntax; check the manual that corresponds to your MySQL server version for the right syntax to use near 'WHERE status_id <> 0' at line 4' in /home/ubuntu/workspace/ws/exams/final/index.php:43
Stack trace:
#0 /home/ubuntu/workspace/ws/exams/final/index.php(43): PDOStatement->execute(NULL)
#1 {main}
  thrown in /home/ubuntu/workspace/ws/exams/final/index.php on line 43
[19-Dec-2018 23:57:15 UTC] PHP Fatal error:  Uncaught exception 'PDOException' with message 'SQLSTATE[42000]: Syntax error or access violation: 1064 You have an error in your SQL syntax; check the manual that corresponds to your MySQL server version for the right syntax to use near 'WHERE status_id <> 0' at line 4' in /home/ubuntu/workspace/ws/exams/final/index.php:43
Stack trace:
#0 /home/ubuntu/workspace/ws/exams/final/index.php(43): PDOStatement->execute(NULL)
#1 {main}
  thrown in /home/ubuntu/workspace/ws/exams/final/index.php on line 43
[19-Dec-2018 23:57:27 UTC] PHP Fatal error:  Uncaught exception 'PDOException' with message 'SQLSTATE[42000]: Syntax error or access violation: 1064 You have an error in your SQL syntax; check the manual that corresponds to your MySQL server version for the right syntax to use near 'WHERE status_id <> 0' at line 4' in /home/ubuntu/workspace/ws/exams/final/index.php:43
Stack trace:
#0 /home/ubuntu/workspace/ws/exams/final/index.php(43): PDOStatement->execute(NULL)
#1 {main}
  thrown in /home/ubuntu/workspace/ws/exams/final/index.php on line 43
[20-Dec-2018 00:01:55 UTC] PHP Fatal error:  Uncaught exception 'PDOException' with message 'SQLSTATE[42000]: Syntax error or access violation: 1064 You have an error in your SQL syntax; check the manual that corresponds to your MySQL server version for the right syntax to use near 'WHERE status_id <> 0' at line 4' in /home/ubuntu/workspace/ws/exams/final/index.php:43
Stack trace:
#0 /home/ubuntu/workspace/ws/exams/final/index.php(43): PDOStatement->execute(NULL)
#1 {main}
  thrown in /home/ubuntu/workspace/ws/exams/final/index.php on line 43
[20-Dec-2018 00:02:30 UTC] PHP Fatal error:  Uncaught exception 'PDOException' with message 'SQLSTATE[42000]: Syntax error or access violation: 1064 You have an error in your SQL syntax; check the manual that corresponds to your MySQL server version for the right syntax to use near 'WHERE status_id <> 0' at line 4' in /home/ubuntu/workspace/ws/exams/final/index.php:43
Stack trace:
#0 /home/ubuntu/workspace/ws/exams/final/index.php(43): PDOStatement->execute(NULL)
#1 {main}
  thrown in /home/ubuntu/workspace/ws/exams/final/index.php on line 43
[20-Dec-2018 00:02:54 UTC] PHP Fatal error:  Uncaught exception 'PDOException' with message 'SQLSTATE[42000]: Syntax error or access violation: 1064 You have an error in your SQL syntax; check the manual that corresponds to your MySQL server version for the right syntax to use near 'WHERE status_id <> 0' at line 4' in /home/ubuntu/workspace/ws/exams/final/index.php:43
Stack trace:
#0 /home/ubuntu/workspace/ws/exams/final/index.php(43): PDOStatement->execute(NULL)
#1 {main}
  thrown in /home/ubuntu/workspace/ws/exams/final/index.php on line 43
[20-Dec-2018 00:04:13 UTC] PHP Fatal error:  Uncaught exception 'PDOException' with message 'SQLSTATE[42000]: Syntax error or access violation: 1064 You have an error in your SQL syntax; check the manual that corresponds to your MySQL server version for the right syntax to use near 'WHERE status_id <> 0' at line 4' in /home/ubuntu/workspace/ws/exams/final/index.php:43
Stack trace:
#0 /home/ubuntu/workspace/ws/exams/final/index.php(43): PDOStatement->execute(NULL)
#1 {main}
  thrown in /home/ubuntu/workspace/ws/exams/final/index.php on line 43
[20-Dec-2018 00:06:38 UTC] PHP Fatal error:  Uncaught exception 'PDOException' with message 'SQLSTATE[42000]: Syntax error or access violation: 1064 You have an error in your SQL syntax; check the manual that corresponds to your MySQL server version for the right syntax to use near 'WHERE status_id <> 0' at line 4' in /home/ubuntu/workspace/ws/exams/final/index.php:43
Stack trace:
#0 /home/ubuntu/workspace/ws/exams/final/index.php(43): PDOStatement->execute(NULL)
#1 {main}
  thrown in /home/ubuntu/workspace/ws/exams/final/index.php on line 43
[20-Dec-2018 00:11:14 UTC] PHP Fatal error:  Uncaught exception 'PDOException' with message 'SQLSTATE[42000]: Syntax error or access violation: 1064 You have an error in your SQL syntax; check the manual that corresponds to your MySQL server version for the right syntax to use near 'WHERE status_id <> 0' at line 4' in /home/ubuntu/workspace/ws/exams/final/index.php:43
Stack trace:
#0 /home/ubuntu/workspace/ws/exams/final/index.php(43): PDOStatement->execute(NULL)
#1 {main}
  thrown in /home/ubuntu/workspace/ws/exams/final/index.php on line 43
[20-Dec-2018 00:12:36 UTC] PHP Fatal error:  Uncaught exception 'PDOException' with message 'SQLSTATE[42000]: Syntax error or access violation: 1064 You have an error in your SQL syntax; check the manual that corresponds to your MySQL server version for the right syntax to use near 'WHERE status_id <> 0' at line 4' in /home/ubuntu/workspace/ws/exams/final/index.php:43
Stack trace:
#0 /home/ubuntu/workspace/ws/exams/final/index.php(43): PDOStatement->execute(NULL)
#1 {main}
  thrown in /home/ubuntu/workspace/ws/exams/final/index.php on line 43
[20-Dec-2018 00:14:15 UTC] PHP Fatal error:  Uncaught exception 'PDOException' with message 'SQLSTATE[42000]: Syntax error or access violation: 1064 You have an error in your SQL syntax; check the manual that corresponds to your MySQL server version for the right syntax to use near 'WHERE status_id <> 0' at line 4' in /home/ubuntu/workspace/ws/exams/final/index.php:43
Stack trace:
#0 /home/ubuntu/workspace/ws/exams/final/index.php(43): PDOStatement->execute(NULL)
#1 {main}
  thrown in /home/ubuntu/workspace/ws/exams/final/index.php on line 43
[20-Dec-2018 00:20:58 UTC] PHP Fatal error:  Uncaught exception 'PDOException' with message 'SQLSTATE[42000]: Syntax error or access violation: 1064 You have an error in your SQL syntax; check the manual that corresponds to your MySQL server version for the right syntax to use near 'WHERE status_id <> 0' at line 4' in /home/ubuntu/workspace/ws/exams/final/index.php:43
Stack trace:
#0 /home/ubuntu/workspace/ws/exams/final/index.php(43): PDOStatement->execute(NULL)
#1 {main}
  thrown in /home/ubuntu/workspace/ws/exams/final/index.php on line 43
[20-Dec-2018 00:21:03 UTC] PHP Fatal error:  Uncaught exception 'PDOException' with message 'SQLSTATE[42000]: Syntax error or access violation: 1064 You have an error in your SQL syntax; check the manual that corresponds to your MySQL server version for the right syntax to use near 'WHERE status_id <> 0' at line 4' in /home/ubuntu/workspace/ws/exams/final/index.php:43
Stack trace:
#0 /home/ubuntu/workspace/ws/exams/final/index.php(43): PDOStatement->execute(NULL)
#1 {main}
  thrown in /home/ubuntu/workspace/ws/exams/final/index.php on line 43
[20-Dec-2018 00:22:50 UTC] PHP Fatal error:  Uncaught exception 'PDOException' with message 'SQLSTATE[42000]: Syntax error or access violation: 1064 You have an error in your SQL syntax; check the manual that corresponds to your MySQL server version for the right syntax to use near 'WHERE status_id <> 0' at line 4' in /home/ubuntu/workspace/ws/exams/final/index.php:43
Stack trace:
#0 /home/ubuntu/workspace/ws/exams/final/index.php(43): PDOStatement->execute(NULL)
#1 {main}
  thrown in /home/ubuntu/workspace/ws/exams/final/index.php on line 43
[20-Dec-2018 00:23:59 UTC] PHP Fatal error:  Uncaught exception 'PDOException' with message 'SQLSTATE[42000]: Syntax error or access violation: 1064 You have an error in your SQL syntax; check the manual that corresponds to your MySQL server version for the right syntax to use near 'WHERE status_id <> 0' at line 4' in /home/ubuntu/workspace/ws/exams/final/index.php:43
Stack trace:
#0 /home/ubuntu/workspace/ws/exams/final/index.php(43): PDOStatement->execute(NULL)
#1 {main}
  thrown in /home/ubuntu/workspace/ws/exams/final/index.php on line 43
[20-Dec-2018 00:24:19 UTC] PHP Fatal error:  Uncaught exception 'PDOException' with message 'SQLSTATE[42000]: Syntax error or access violation: 1064 You have an error in your SQL syntax; check the manual that corresponds to your MySQL server version for the right syntax to use near 'WHERE status_id <> 0' at line 4' in /home/ubuntu/workspace/ws/exams/final/index.php:43
Stack trace:
#0 /home/ubuntu/workspace/ws/exams/final/index.php(43): PDOStatement->execute(NULL)
#1 {main}
  thrown in /home/ubuntu/workspace/ws/exams/final/index.php on line 43
[20-Dec-2018 00:35:37 UTC] PHP Fatal error:  Uncaught exception 'PDOException' with message 'SQLSTATE[42000]: Syntax error or access violation: 1064 You have an error in your SQL syntax; check the manual that corresponds to your MySQL server version for the right syntax to use near 'WHERE status_id <> 0' at line 4' in /home/ubuntu/workspace/ws/exams/final/index.php:43
Stack trace:
#0 /home/ubuntu/workspace/ws/exams/final/index.php(43): PDOStatement->execute(NULL)
#1 {main}
  thrown in /home/ubuntu/workspace/ws/exams/final/index.php on line 43
[20-Dec-2018 00:44:09 UTC] PHP Fatal error:  Uncaught exception 'PDOException' with message 'SQLSTATE[42000]: Syntax error or access violation: 1064 You have an error in your SQL syntax; check the manual that corresponds to your MySQL server version for the right syntax to use near 'WHERE status_id <> 0' at line 4' in /home/ubuntu/workspace/ws/exams/final/index.php:43
Stack trace:
#0 /home/ubuntu/workspace/ws/exams/final/index.php(43): PDOStatement->execute(NULL)
#1 {main}
  thrown in /home/ubuntu/workspace/ws/exams/final/index.php on line 43
[20-Dec-2018 00:45:38 UTC] PHP Fatal error:  Uncaught exception 'PDOException' with message 'SQLSTATE[42000]: Syntax error or access violation: 1064 You have an error in your SQL syntax; check the manual that corresponds to your MySQL server version for the right syntax to use near 'WHERE status_id <> 0' at line 4' in /home/ubuntu/workspace/ws/exams/final/index.php:43
Stack trace:
#0 /home/ubuntu/workspace/ws/exams/final/index.php(43): PDOStatement->execute(NULL)
#1 {main}
  thrown in /home/ubuntu/workspace/ws/exams/final/index.php on line 43
[20-Dec-2018 00:59:10 UTC] PHP Fatal error:  Uncaught exception 'PDOException' with message 'SQLSTATE[42000]: Syntax error or access violation: 1064 You have an error in your SQL syntax; check the manual that corresponds to your MySQL server version for the right syntax to use near 'WHERE startTime <> 0' at line 4' in /home/ubuntu/workspace/ws/exams/final/index.php:43
Stack trace:
#0 /home/ubuntu/workspace/ws/exams/final/index.php(43): PDOStatement->execute(NULL)
#1 {main}
  thrown in /home/ubuntu/workspace/ws/exams/final/index.php on line 43
[20-Dec-2018 01:15:56 UTC] PHP Fatal error:  Uncaught exception 'PDOException' with message 'SQLSTATE[42000]: Syntax error or access violation: 1064 You have an error in your SQL syntax; check the manual that corresponds to your MySQL server version for the right syntax to use near 'WHERE startTime <> 0' at line 4' in /home/ubuntu/workspace/ws/exams/final/index.php:43
Stack trace:
#0 /home/ubuntu/workspace/ws/exams/final/index.php(43): PDOStatement->execute(NULL)
#1 {main}
  thrown in /home/ubuntu/workspace/ws/exams/final/index.php on line 43
[20-Dec-2018 01:17:46 UTC] PHP Fatal error:  Uncaught exception 'PDOException' with message 'SQLSTATE[42000]: Syntax error or access violation: 1064 You have an error in your SQL syntax; check the manual that corresponds to your MySQL server version for the right syntax to use near 'WHERE startTime <> 0' at line 4' in /home/ubuntu/workspace/ws/exams/final/index.php:43
Stack trace:
#0 /home/ubuntu/workspace/ws/exams/final/index.php(43): PDOStatement->execute(NULL)
#1 {main}
  thrown in /home/ubuntu/workspace/ws/exams/final/index.php on line 43
[20-Dec-2018 01:17:55 UTC] PHP Fatal error:  Uncaught exception 'PDOException' with message 'SQLSTATE[42000]: Syntax error or access violation: 1064 You have an error in your SQL syntax; check the manual that corresponds to your MySQL server version for the right syntax to use near 'WHERE startTime <> 0' at line 4' in /home/ubuntu/workspace/ws/exams/final/index.php:43
Stack trace:
#0 /home/ubuntu/workspace/ws/exams/final/index.php(43): PDOStatement->execute(NULL)
#1 {main}
  thrown in /home/ubuntu/workspace/ws/exams/final/index.php on line 43
[20-Dec-2018 01:18:35 UTC] PHP Fatal error:  Uncaught exception 'PDOException' with message 'SQLSTATE[42000]: Syntax error or access violation: 1064 You have an error in your SQL syntax; check the manual that corresponds to your MySQL server version for the right syntax to use near 'WHERE startTime <> 0' at line 4' in /home/ubuntu/workspace/ws/exams/final/index.php:43
Stack trace:
#0 /home/ubuntu/workspace/ws/exams/final/index.php(43): PDOStatement->execute(NULL)
#1 {main}
  thrown in /home/ubuntu/workspace/ws/exams/final/index.php on line 43
[20-Dec-2018 01:36:43 UTC] PHP Fatal error:  Uncaught exception 'PDOException' with message 'SQLSTATE[42000]: Syntax error or access violation: 1064 You have an error in your SQL syntax; check the manual that corresponds to your MySQL server version for the right syntax to use near 'WHERE startTime <> 0' at line 4' in /home/ubuntu/workspace/ws/exams/final/index.php:43
Stack trace:
#0 /home/ubuntu/workspace/ws/exams/final/index.php(43): PDOStatement->execute(NULL)
#1 {main}
  thrown in /home/ubuntu/workspace/ws/exams/final/index.php on line 43
[20-Dec-2018 01:36:43 UTC] PHP Warning:  include(functions.php): failed to open stream: No such file or directory in /home/ubuntu/workspace/ws/exams/final/logout.php on line 2
[20-Dec-2018 01:36:43 UTC] PHP Stack trace:
[20-Dec-2018 01:36:43 UTC] PHP   1. {main}() /home/ubuntu/workspace/ws/exams/final/logout.php:0
[20-Dec-2018 01:36:43 UTC] PHP Warning:  include(): Failed opening 'functions.php' for inclusion (include_path='.:/usr/share/php:/usr/share/pear') in /home/ubuntu/workspace/ws/exams/final/logout.php on line 2
[20-Dec-2018 01:36:43 UTC] PHP Stack trace:
[20-Dec-2018 01:36:43 UTC] PHP   1. {main}() /home/ubuntu/workspace/ws/exams/final/logout.php:0
[20-Dec-2018 01:36:43 UTC] PHP Fatal error:  Call to undefined function checkLoggedIn() in /home/ubuntu/workspace/ws/exams/final/logout.php on line 4
[20-Dec-2018 01:36:43 UTC] PHP Stack trace:
[20-Dec-2018 01:36:43 UTC] PHP   1. {main}() /home/ubuntu/workspace/ws/exams/final/logout.php:0
[20-Dec-2018 01:38:48 UTC] PHP Fatal error:  Uncaught exception 'PDOException' with message 'SQLSTATE[42000]: Syntax error or access violation: 1064 You have an error in your SQL syntax; check the manual that corresponds to your MySQL server version for the right syntax to use near 'WHERE startTime <> 0' at line 4' in /home/ubuntu/workspace/ws/exams/final/index.php:43
Stack trace:
#0 /home/ubuntu/workspace/ws/exams/final/index.php(43): PDOStatement->execute(NULL)
#1 {main}
  thrown in /home/ubuntu/workspace/ws/exams/final/index.php on line 43
[20-Dec-2018 01:52:15 UTC] PHP Fatal error:  Uncaught exception 'PDOException' with message 'SQLSTATE[42000]: Syntax error or access violation: 1064 You have an error in your SQL syntax; check the manual that corresponds to your MySQL server version for the right syntax to use near 'WHERE startTime <> 0' at line 4' in /home/ubuntu/workspace/ws/exams/final/index.php:43
Stack trace:
#0 /home/ubuntu/workspace/ws/exams/final/index.php(43): PDOStatement->execute(NULL)
#1 {main}
  thrown in /home/ubuntu/workspace/ws/exams/final/index.php on line 43
[20-Dec-2018 01:55:20 UTC] PHP Fatal error:  Uncaught exception 'PDOException' with message 'SQLSTATE[42000]: Syntax error or access violation: 1064 You have an error in your SQL syntax; check the manual that corresponds to your MySQL server version for the right syntax to use near 'WHERE startTime <> 0' at line 4' in /home/ubuntu/workspace/ws/exams/final/index.php:43
Stack trace:
#0 /home/ubuntu/workspace/ws/exams/final/index.php(43): PDOStatement->execute(NULL)
#1 {main}
  thrown in /home/ubuntu/workspace/ws/exams/final/index.php on line 43
[20-Dec-2018 01:56:52 UTC] PHP Fatal error:  Uncaught exception 'PDOException' with message 'SQLSTATE[42000]: Syntax error or access violation: 1064 You have an error in your SQL syntax; check the manual that corresponds to your MySQL server version for the right syntax to use near 'WHERE startTime <> 0' at line 4' in /home/ubuntu/workspace/ws/exams/final/index.php:43
Stack trace:
#0 /home/ubuntu/workspace/ws/exams/final/index.php(43): PDOStatement->execute(NULL)
#1 {main}
  thrown in /home/ubuntu/workspace/ws/exams/final/index.php on line 43
[20-Dec-2018 01:58:25 UTC] PHP Fatal error:  Uncaught exception 'PDOException' with message 'SQLSTATE[42S22]: Column not found: 1054 Unknown column 'status.startTime' in 'field list'' in /home/ubuntu/workspace/ws/exams/final/index.php:43
Stack trace:
#0 /home/ubuntu/workspace/ws/exams/final/index.php(43): PDOStatement->execute(NULL)
#1 {main}
  thrown in /home/ubuntu/workspace/ws/exams/final/index.php on line 43
