[28-Sep-2018 21:35:32 UTC] PHP Fatal error:  Maximum execution time of 300 seconds exceeded in /home/ubuntu/workspace/ws/labs/lab_4/slider/index.php on line 54
[28-Sep-2018 21:35:33 UTC] PHP Stack trace:
[28-Sep-2018 21:35:33 UTC] PHP   1. {main}() /home/ubuntu/workspace/ws/labs/lab_4/slider/index.php:0
[28-Sep-2018 21:36:10 UTC] PHP Fatal error:  Maximum execution time of 300 seconds exceeded in /home/ubuntu/workspace/ws/labs/lab_4/slider/index.php on line 54
[28-Sep-2018 21:36:10 UTC] PHP Stack trace:
[28-Sep-2018 21:36:10 UTC] PHP   1. {main}() /home/ubuntu/workspace/ws/labs/lab_4/slider/index.php:0
[28-Sep-2018 21:36:33 UTC] PHP Fatal error:  Maximum execution time of 300 seconds exceeded in /home/ubuntu/workspace/ws/labs/lab_4/slider/index.php on line 54
[28-Sep-2018 21:36:33 UTC] PHP Stack trace:
[28-Sep-2018 21:36:33 UTC] PHP   1. {main}() /home/ubuntu/workspace/ws/labs/lab_4/slider/index.php:0
[28-Sep-2018 21:36:33 UTC] PHP   2. count() /home/ubuntu/workspace/ws/labs/lab_4/slider/index.php:54
[28-Sep-2018 21:36:57 UTC] PHP Fatal error:  Maximum execution time of 300 seconds exceeded in /home/ubuntu/workspace/ws/labs/lab_4/slider/index.php on line 54
[28-Sep-2018 21:36:57 UTC] PHP Stack trace:
[28-Sep-2018 21:36:57 UTC] PHP   1. {main}() /home/ubuntu/workspace/ws/labs/lab_4/slider/index.php:0
[29-Sep-2018 08:18:48 UTC] PHP Fatal error:  Maximum execution time of 300 seconds exceeded in /home/ubuntu/workspace/ws/labs/lab_4/slider/index.php on line 52
[29-Sep-2018 08:18:48 UTC] PHP Stack trace:
[29-Sep-2018 08:18:48 UTC] PHP   1. {main}() /home/ubuntu/workspace/ws/labs/lab_4/slider/index.php:0
[29-Sep-2018 08:18:48 UTC] PHP Fatal error:  Maximum execution time of 300 seconds exceeded in /home/ubuntu/workspace/ws/labs/lab_4/slider/index.php on line 52
[29-Sep-2018 08:18:48 UTC] PHP Stack trace:
[29-Sep-2018 08:18:48 UTC] PHP   1. {main}() /home/ubuntu/workspace/ws/labs/lab_4/slider/index.php:0
[01-Oct-2018 20:19:37 UTC] PHP Fatal error:  Call to undefined function category() in /home/ubuntu/workspace/ws/labs/lab_4/slider/index.php on line 6
[01-Oct-2018 20:19:37 UTC] PHP Stack trace:
[01-Oct-2018 20:19:37 UTC] PHP   1. {main}() /home/ubuntu/workspace/ws/labs/lab_4/slider/index.php:0
[01-Oct-2018 20:20:01 UTC] PHP Fatal error:  Call to undefined function category() in /home/ubuntu/workspace/ws/labs/lab_4/slider/index.php on line 6
[01-Oct-2018 20:20:01 UTC] PHP Stack trace:
[01-Oct-2018 20:20:01 UTC] PHP   1. {main}() /home/ubuntu/workspace/ws/labs/lab_4/slider/index.php:0
[01-Oct-2018 20:23:28 UTC] PHP Fatal error:  Call to undefined function category() in /home/ubuntu/workspace/ws/labs/lab_4/slider/index.php on line 6
[01-Oct-2018 20:23:28 UTC] PHP Stack trace:
[01-Oct-2018 20:23:28 UTC] PHP   1. {main}() /home/ubuntu/workspace/ws/labs/lab_4/slider/index.php:0
[01-Oct-2018 20:24:40 UTC] PHP Fatal error:  Call to undefined function category() in /home/ubuntu/workspace/ws/labs/lab_4/slider/index.php on line 6
[01-Oct-2018 20:24:40 UTC] PHP Stack trace:
[01-Oct-2018 20:24:40 UTC] PHP   1. {main}() /home/ubuntu/workspace/ws/labs/lab_4/slider/index.php:0
[02-Oct-2018 22:40:41 UTC] PHP Fatal error:  Maximum execution time of 300 seconds exceeded in /home/ubuntu/workspace/ws/labs/lab_4/slider/index.php on line 58
[02-Oct-2018 22:40:41 UTC] PHP Stack trace:
[02-Oct-2018 22:40:41 UTC] PHP   1. {main}() /home/ubuntu/workspace/ws/labs/lab_4/slider/index.php:0
[02-Oct-2018 22:40:41 UTC] PHP   2. rand() /home/ubuntu/workspace/ws/labs/lab_4/slider/index.php:58
[03-Oct-2018 03:32:12 UTC] PHP Fatal error:  Call to undefined function category() in /home/ubuntu/workspace/ws/labs/lab_4/slider/index.php on line 6
[03-Oct-2018 03:32:12 UTC] PHP Stack trace:
[03-Oct-2018 03:32:12 UTC] PHP   1. {main}() /home/ubuntu/workspace/ws/labs/lab_4/slider/index.php:0
[03-Oct-2018 16:00:08 UTC] PHP Warning:  Missing argument 2 for getImageURLs(), called in /home/ubuntu/workspace/ws/labs/lab_4/slider/index.php on line 17 and defined in /home/ubuntu/workspace/ws/labs/lab_4/slider/api/pixabayAPI.php on line 4
[03-Oct-2018 16:00:08 UTC] PHP Stack trace:
[03-Oct-2018 16:00:08 UTC] PHP   1. {main}() /home/ubuntu/workspace/ws/labs/lab_4/slider/index.php:0
[03-Oct-2018 16:00:08 UTC] PHP   2. getImageURLs() /home/ubuntu/workspace/ws/labs/lab_4/slider/index.php:17
[03-Oct-2018 16:00:21 UTC] PHP Warning:  Missing argument 2 for getImageURLs(), called in /home/ubuntu/workspace/ws/labs/lab_4/slider/index.php on line 17 and defined in /home/ubuntu/workspace/ws/labs/lab_4/slider/api/pixabayAPI.php on line 4
[03-Oct-2018 16:00:21 UTC] PHP Stack trace:
[03-Oct-2018 16:00:21 UTC] PHP   1. {main}() /home/ubuntu/workspace/ws/labs/lab_4/slider/index.php:0
[03-Oct-2018 16:00:21 UTC] PHP   2. getImageURLs() /home/ubuntu/workspace/ws/labs/lab_4/slider/index.php:17
[03-Oct-2018 16:00:27 UTC] PHP Warning:  Missing argument 2 for getImageURLs(), called in /home/ubuntu/workspace/ws/labs/lab_4/slider/index.php on line 17 and defined in /home/ubuntu/workspace/ws/labs/lab_4/slider/api/pixabayAPI.php on line 4
[03-Oct-2018 16:00:27 UTC] PHP Stack trace:
[03-Oct-2018 16:00:27 UTC] PHP   1. {main}() /home/ubuntu/workspace/ws/labs/lab_4/slider/index.php:0
[03-Oct-2018 16:00:27 UTC] PHP   2. getImageURLs() /home/ubuntu/workspace/ws/labs/lab_4/slider/index.php:17
[03-Oct-2018 16:01:59 UTC] PHP Warning:  Missing argument 2 for getImageURLs(), called in /home/ubuntu/workspace/ws/labs/lab_4/slider/index.php on line 17 and defined in /home/ubuntu/workspace/ws/labs/lab_4/slider/api/pixabayAPI.php on line 4
[03-Oct-2018 16:01:59 UTC] PHP Stack trace:
[03-Oct-2018 16:01:59 UTC] PHP   1. {main}() /home/ubuntu/workspace/ws/labs/lab_4/slider/index.php:0
[03-Oct-2018 16:01:59 UTC] PHP   2. getImageURLs() /home/ubuntu/workspace/ws/labs/lab_4/slider/index.php:17
[03-Oct-2018 16:02:04 UTC] PHP Warning:  Missing argument 2 for getImageURLs(), called in /home/ubuntu/workspace/ws/labs/lab_4/slider/index.php on line 17 and defined in /home/ubuntu/workspace/ws/labs/lab_4/slider/api/pixabayAPI.php on line 4
[03-Oct-2018 16:02:04 UTC] PHP Stack trace:
[03-Oct-2018 16:02:04 UTC] PHP   1. {main}() /home/ubuntu/workspace/ws/labs/lab_4/slider/index.php:0
[03-Oct-2018 16:02:04 UTC] PHP   2. getImageURLs() /home/ubuntu/workspace/ws/labs/lab_4/slider/index.php:17
[03-Oct-2018 16:02:10 UTC] PHP Warning:  Missing argument 2 for getImageURLs(), called in /home/ubuntu/workspace/ws/labs/lab_4/slider/index.php on line 17 and defined in /home/ubuntu/workspace/ws/labs/lab_4/slider/api/pixabayAPI.php on line 4
[03-Oct-2018 16:02:10 UTC] PHP Stack trace:
[03-Oct-2018 16:02:10 UTC] PHP   1. {main}() /home/ubuntu/workspace/ws/labs/lab_4/slider/index.php:0
[03-Oct-2018 16:02:10 UTC] PHP   2. getImageURLs() /home/ubuntu/workspace/ws/labs/lab_4/slider/index.php:17
[03-Oct-2018 16:02:11 UTC] PHP Warning:  Missing argument 2 for getImageURLs(), called in /home/ubuntu/workspace/ws/labs/lab_4/slider/index.php on line 17 and defined in /home/ubuntu/workspace/ws/labs/lab_4/slider/api/pixabayAPI.php on line 4
[03-Oct-2018 16:02:11 UTC] PHP Stack trace:
[03-Oct-2018 16:02:11 UTC] PHP   1. {main}() /home/ubuntu/workspace/ws/labs/lab_4/slider/index.php:0
[03-Oct-2018 16:02:11 UTC] PHP   2. getImageURLs() /home/ubuntu/workspace/ws/labs/lab_4/slider/index.php:17
[03-Oct-2018 16:02:17 UTC] PHP Warning:  Missing argument 2 for getImageURLs(), called in /home/ubuntu/workspace/ws/labs/lab_4/slider/index.php on line 17 and defined in /home/ubuntu/workspace/ws/labs/lab_4/slider/api/pixabayAPI.php on line 4
[03-Oct-2018 16:02:17 UTC] PHP Stack trace:
[03-Oct-2018 16:02:17 UTC] PHP   1. {main}() /home/ubuntu/workspace/ws/labs/lab_4/slider/index.php:0
[03-Oct-2018 16:02:17 UTC] PHP   2. getImageURLs() /home/ubuntu/workspace/ws/labs/lab_4/slider/index.php:17
[03-Oct-2018 16:02:18 UTC] PHP Warning:  Missing argument 2 for getImageURLs(), called in /home/ubuntu/workspace/ws/labs/lab_4/slider/index.php on line 17 and defined in /home/ubuntu/workspace/ws/labs/lab_4/slider/api/pixabayAPI.php on line 4
[03-Oct-2018 16:02:18 UTC] PHP Stack trace:
[03-Oct-2018 16:02:18 UTC] PHP   1. {main}() /home/ubuntu/workspace/ws/labs/lab_4/slider/index.php:0
[03-Oct-2018 16:02:18 UTC] PHP   2. getImageURLs() /home/ubuntu/workspace/ws/labs/lab_4/slider/index.php:17
[03-Oct-2018 16:02:23 UTC] PHP Warning:  Missing argument 2 for getImageURLs(), called in /home/ubuntu/workspace/ws/labs/lab_4/slider/index.php on line 17 and defined in /home/ubuntu/workspace/ws/labs/lab_4/slider/api/pixabayAPI.php on line 4
[03-Oct-2018 16:02:23 UTC] PHP Stack trace:
[03-Oct-2018 16:02:23 UTC] PHP   1. {main}() /home/ubuntu/workspace/ws/labs/lab_4/slider/index.php:0
[03-Oct-2018 16:02:23 UTC] PHP   2. getImageURLs() /home/ubuntu/workspace/ws/labs/lab_4/slider/index.php:17
[03-Oct-2018 16:02:29 UTC] PHP Warning:  Missing argument 2 for getImageURLs(), called in /home/ubuntu/workspace/ws/labs/lab_4/slider/index.php on line 17 and defined in /home/ubuntu/workspace/ws/labs/lab_4/slider/api/pixabayAPI.php on line 4
[03-Oct-2018 16:02:29 UTC] PHP Stack trace:
[03-Oct-2018 16:02:29 UTC] PHP   1. {main}() /home/ubuntu/workspace/ws/labs/lab_4/slider/index.php:0
[03-Oct-2018 16:02:29 UTC] PHP   2. getImageURLs() /home/ubuntu/workspace/ws/labs/lab_4/slider/index.php:17
[03-Oct-2018 16:08:17 UTC] PHP Fatal error:  Maximum execution time of 300 seconds exceeded in /home/ubuntu/workspace/ws/labs/lab_4/slider/index.php on line 58
[03-Oct-2018 16:08:17 UTC] PHP Stack trace:
[03-Oct-2018 16:08:17 UTC] PHP   1. {main}() /home/ubuntu/workspace/ws/labs/lab_4/slider/index.php:0
[03-Oct-2018 16:14:22 UTC] PHP Fatal error:  Maximum execution time of 300 seconds exceeded in /home/ubuntu/workspace/ws/labs/lab_4/slider/index.php on line 58
[03-Oct-2018 16:14:22 UTC] PHP Stack trace:
[03-Oct-2018 16:14:22 UTC] PHP   1. {main}() /home/ubuntu/workspace/ws/labs/lab_4/slider/index.php:0
[03-Oct-2018 16:14:35 UTC] PHP Fatal error:  Maximum execution time of 300 seconds exceeded in /home/ubuntu/workspace/ws/labs/lab_4/slider/index.php on line 58
[03-Oct-2018 16:14:35 UTC] PHP Stack trace:
[03-Oct-2018 16:14:35 UTC] PHP   1. {main}() /home/ubuntu/workspace/ws/labs/lab_4/slider/index.php:0
[03-Oct-2018 16:19:36 UTC] PHP Fatal error:  Maximum execution time of 300 seconds exceeded in /home/ubuntu/workspace/ws/labs/lab_4/slider/index.php on line 58
[03-Oct-2018 16:19:36 UTC] PHP Stack trace:
[03-Oct-2018 16:19:36 UTC] PHP   1. {main}() /home/ubuntu/workspace/ws/labs/lab_4/slider/index.php:0
